TimeQuest Timing Analyzer report for lab3
Wed Oct 10 16:44:33 2018
Quartus II 64-Bit Version 13.0.0 Build 156 04/24/2013 SJ Full Version


---------------------
; Table of Contents ;
---------------------
  1. Legal Notice
  2. TimeQuest Timing Analyzer Summary
  3. Parallel Compilation
  4. Clocks
  5. Slow Model Fmax Summary
  6. Slow Model Setup Summary
  7. Slow Model Hold Summary
  8. Slow Model Recovery Summary
  9. Slow Model Removal Summary
 10. Slow Model Minimum Pulse Width Summary
 11. Propagation Delay
 12. Minimum Propagation Delay
 13. Fast Model Setup Summary
 14. Fast Model Hold Summary
 15. Fast Model Recovery Summary
 16. Fast Model Removal Summary
 17. Fast Model Minimum Pulse Width Summary
 18. Propagation Delay
 19. Minimum Propagation Delay
 20. Multicorner Timing Analysis Summary
 21. Progagation Delay
 22. Minimum Progagation Delay
 23. Clock Transfers
 24. Report TCCS
 25. Report RSKM
 26. Unconstrained Paths
 27. TimeQuest Timing Analyzer Messages



----------------
; Legal Notice ;
----------------
Copyright (C) 1991-2013 Altera Corporation
Your use of Altera Corporation's design tools, logic functions 
and other software and tools, and its AMPP partner logic 
functions, and any output files from any of the foregoing 
(including device programming or simulation files), and any 
associated documentation or information are expressly subject 
to the terms and conditions of the Altera Program License 
Subscription Agreement, Altera MegaCore Function License 
Agreement, or other applicable license agreement, including, 
without limitation, that your use is for the sole purpose of 
programming logic devices manufactured by Altera and sold by 
Altera or its authorized distributors.  Please refer to the 
applicable agreement for further details.



+--------------------------------------------------------------------------+
; TimeQuest Timing Analyzer Summary                                        ;
+--------------------+-----------------------------------------------------+
; Quartus II Version ; Version 13.0.0 Build 156 04/24/2013 SJ Full Version ;
; Revision Name      ; lab3                                                ;
; Device Family      ; Cyclone II                                          ;
; Device Name        ; EP2C35F672C6                                        ;
; Timing Models      ; Final                                               ;
; Delay Model        ; Combined                                            ;
; Rise/Fall Delays   ; Unavailable                                         ;
+--------------------+-----------------------------------------------------+


+------------------------------------------+
; Parallel Compilation                     ;
+----------------------------+-------------+
; Processors                 ; Number      ;
+----------------------------+-------------+
; Number detected on machine ; 8           ;
; Maximum allowed            ; 4           ;
;                            ;             ;
; Average used               ; 1.00        ;
; Maximum used               ; 1           ;
;                            ;             ;
; Usage by Processor         ; % Time Used ;
;     Processor 1            ; 100.0%      ;
;     Processors 2-8         ;   0.0%      ;
+----------------------------+-------------+


----------
; Clocks ;
----------
No clocks to report.


---------------------------
; Slow Model Fmax Summary ;
---------------------------
No paths to report.


----------------------------
; Slow Model Setup Summary ;
----------------------------
No paths to report.


---------------------------
; Slow Model Hold Summary ;
---------------------------
No paths to report.


-------------------------------
; Slow Model Recovery Summary ;
-------------------------------
No paths to report.


------------------------------
; Slow Model Removal Summary ;
------------------------------
No paths to report.


------------------------------------------
; Slow Model Minimum Pulse Width Summary ;
------------------------------------------
No paths to report.


+----------------------------------------------------------------+
; Propagation Delay                                              ;
+------------+---------------+--------+--------+--------+--------+
; Input Port ; Output Port   ; RR     ; RF     ; FR     ; FF     ;
+------------+---------------+--------+--------+--------+--------+
; Cin        ; Cout          ; 14.027 ; 12.193 ; 12.193 ; 14.027 ;
; Cin        ; display1      ; 14.049 ; 14.049 ; 14.049 ; 14.049 ;
; Cin        ; display2      ; 14.025 ; 14.025 ; 14.025 ; 14.025 ;
; Cin        ; display3      ; 13.849 ; 13.992 ; 13.992 ; 13.849 ;
; Cin        ; display4      ; 14.023 ; 14.023 ; 14.023 ; 14.023 ;
; Cin        ; display5      ; 14.036 ; 13.855 ; 13.855 ; 14.036 ;
; Cin        ; display6      ; 13.769 ; 13.609 ; 13.609 ; 13.769 ;
; Cin        ; display7      ; 13.785 ; 13.785 ; 13.785 ; 13.785 ;
; Cin        ; display11     ; 14.620 ; 14.620 ; 14.620 ; 14.620 ;
; Cin        ; display12     ; 14.921 ; 14.382 ; 14.382 ; 14.921 ;
; Cin        ; display13     ; 14.961 ; 14.422 ; 14.422 ; 14.961 ;
; Cin        ; display14     ; 15.297 ; 15.297 ; 15.297 ; 15.297 ;
; Cin        ; display15     ; 14.403 ; 14.403 ; 14.403 ; 14.403 ;
; Cin        ; display16     ; 15.310 ; 15.087 ; 15.087 ; 15.310 ;
; Cin        ; display17     ; 14.845 ; 15.265 ; 15.265 ; 14.845 ;
; Cin        ; neg_display7  ;        ; 13.142 ; 13.142 ;        ;
; Cin        ; neg_display37 ;        ; 12.639 ; 12.639 ;        ;
; X[0]       ; Cout          ; 10.636 ; 10.703 ; 10.703 ; 10.636 ;
; X[0]       ; display1      ; 10.725 ; 10.725 ; 10.725 ; 10.725 ;
; X[0]       ; display2      ; 10.701 ; 10.701 ; 10.701 ; 10.701 ;
; X[0]       ; display3      ; 10.668 ; 10.492 ; 10.492 ; 10.668 ;
; X[0]       ; display4      ; 10.699 ; 10.699 ; 10.699 ; 10.699 ;
; X[0]       ; display5      ; 10.536 ; 10.712 ; 10.712 ; 10.536 ;
; X[0]       ; display6      ; 10.283 ; 10.445 ; 10.445 ; 10.283 ;
; X[0]       ; display7      ; 10.461 ; 10.461 ; 10.461 ; 10.461 ;
; X[0]       ; display11     ; 11.296 ; 11.296 ; 11.296 ; 11.296 ;
; X[0]       ; display12     ; 11.436 ; 11.597 ; 11.597 ; 11.436 ;
; X[0]       ; display13     ; 11.476 ; 11.637 ; 11.637 ; 11.476 ;
; X[0]       ; display14     ; 11.973 ; 11.973 ; 11.973 ; 11.973 ;
; X[0]       ; display15     ; 11.079 ; 11.079 ; 11.079 ; 11.079 ;
; X[0]       ; display16     ; 11.810 ; 11.986 ; 11.986 ; 11.810 ;
; X[0]       ; display17     ; 11.941 ; 11.765 ; 11.765 ; 11.941 ;
; X[0]       ; neg_display7  ; 9.818  ;        ;        ; 9.818  ;
; X[0]       ; neg_display37 ; 9.315  ;        ;        ; 9.315  ;
; X[1]       ; Cout          ; 10.328 ; 10.241 ; 10.241 ; 10.328 ;
; X[1]       ; display1      ; 10.263 ; 10.263 ; 10.263 ; 10.263 ;
; X[1]       ; display2      ; 10.239 ; 10.239 ; 10.239 ; 10.239 ;
; X[1]       ; display3      ; 10.206 ; 10.030 ; 10.030 ; 10.206 ;
; X[1]       ; display4      ; 10.237 ; 10.237 ; 10.237 ; 10.237 ;
; X[1]       ; display5      ; 10.074 ; 10.250 ; 10.250 ; 10.074 ;
; X[1]       ; display6      ; 9.821  ; 9.983  ; 9.983  ; 9.821  ;
; X[1]       ; display7      ; 9.999  ; 9.999  ; 9.999  ; 9.999  ;
; X[1]       ; display11     ; 10.834 ; 10.834 ; 10.834 ; 10.834 ;
; X[1]       ; display12     ; 10.974 ; 11.135 ; 11.135 ; 10.974 ;
; X[1]       ; display13     ; 11.014 ; 11.175 ; 11.175 ; 11.014 ;
; X[1]       ; display14     ; 11.511 ; 11.511 ; 11.511 ; 11.511 ;
; X[1]       ; display15     ; 10.617 ; 10.617 ; 10.617 ; 10.617 ;
; X[1]       ; display16     ; 11.348 ; 11.524 ; 11.524 ; 11.348 ;
; X[1]       ; display17     ; 11.479 ; 11.303 ; 11.303 ; 11.479 ;
; X[1]       ; neg_display7  ; 9.356  ;        ;        ; 9.356  ;
; X[1]       ; neg_display37 ; 8.853  ;        ;        ; 8.853  ;
; X[2]       ; Cout          ; 10.707 ; 10.707 ; 10.707 ; 10.707 ;
; X[2]       ; display1      ; 10.729 ; 10.729 ; 10.729 ; 10.729 ;
; X[2]       ; display2      ; 10.705 ; 10.705 ; 10.705 ; 10.705 ;
; X[2]       ; display3      ; 10.672 ; 10.672 ; 10.672 ; 10.672 ;
; X[2]       ; display4      ; 10.703 ; 10.703 ; 10.703 ; 10.703 ;
; X[2]       ; display5      ; 10.716 ; 10.716 ; 10.716 ; 10.716 ;
; X[2]       ; display6      ; 10.449 ; 10.449 ; 10.449 ; 10.449 ;
; X[2]       ; display7      ; 10.465 ; 10.465 ; 10.465 ; 10.465 ;
; X[2]       ; display11     ; 11.300 ; 11.300 ; 11.300 ; 11.300 ;
; X[2]       ; display12     ; 11.601 ; 11.601 ; 11.601 ; 11.601 ;
; X[2]       ; display13     ; 11.641 ; 11.641 ; 11.641 ; 11.641 ;
; X[2]       ; display14     ; 11.977 ; 11.977 ; 11.977 ; 11.977 ;
; X[2]       ; display15     ; 11.083 ; 11.083 ; 11.083 ; 11.083 ;
; X[2]       ; display16     ; 11.990 ; 11.990 ; 11.990 ; 11.990 ;
; X[2]       ; display17     ; 11.945 ; 11.945 ; 11.945 ; 11.945 ;
; X[2]       ; neg_display7  ; 9.822  ; 9.822  ; 9.822  ; 9.822  ;
; X[2]       ; neg_display37 ; 9.319  ; 9.319  ; 9.319  ; 9.319  ;
; X[3]       ; Cout          ; 9.328  ; 9.328  ; 9.328  ; 9.328  ;
; X[3]       ; display1      ; 9.350  ; 9.350  ; 9.350  ; 9.350  ;
; X[3]       ; display2      ; 9.326  ; 9.326  ; 9.326  ; 9.326  ;
; X[3]       ; display3      ; 9.293  ; 9.293  ; 9.293  ; 9.293  ;
; X[3]       ; display4      ; 9.324  ; 9.324  ; 9.324  ; 9.324  ;
; X[3]       ; display5      ; 9.337  ; 9.337  ; 9.337  ; 9.337  ;
; X[3]       ; display6      ; 9.070  ; 9.070  ; 9.070  ; 9.070  ;
; X[3]       ; display7      ; 9.086  ; 9.086  ; 9.086  ; 9.086  ;
; X[3]       ; display11     ; 9.921  ; 9.921  ; 9.921  ; 9.921  ;
; X[3]       ; display12     ; 10.222 ; 10.222 ; 10.222 ; 10.222 ;
; X[3]       ; display13     ; 10.262 ; 10.262 ; 10.262 ; 10.262 ;
; X[3]       ; display14     ; 10.598 ; 10.598 ; 10.598 ; 10.598 ;
; X[3]       ; display15     ; 9.704  ; 9.704  ; 9.704  ; 9.704  ;
; X[3]       ; display16     ; 10.611 ; 10.611 ; 10.611 ; 10.611 ;
; X[3]       ; display17     ; 10.566 ; 10.566 ; 10.566 ; 10.566 ;
; X[3]       ; neg_display7  ; 8.443  ; 8.443  ; 8.443  ; 8.443  ;
; X[3]       ; neg_display37 ; 7.940  ; 7.940  ; 7.940  ; 7.940  ;
; Y[0]       ; Cout          ; 9.001  ; 9.029  ; 9.029  ; 9.001  ;
; Y[0]       ; display1      ; 9.023  ; 9.023  ; 9.023  ; 9.023  ;
; Y[0]       ; display2      ; 8.999  ; 8.999  ; 8.999  ; 8.999  ;
; Y[0]       ; display3      ; 8.867  ; 8.966  ; 8.966  ; 8.867  ;
; Y[0]       ; display4      ; 8.997  ; 8.997  ; 8.997  ; 8.997  ;
; Y[0]       ; display5      ; 9.010  ; 8.873  ; 8.873  ; 9.010  ;
; Y[0]       ; display6      ; 8.743  ; 8.627  ; 8.627  ; 8.743  ;
; Y[0]       ; display7      ; 8.759  ; 8.759  ; 8.759  ; 8.759  ;
; Y[0]       ; display11     ; 9.594  ; 9.594  ; 9.594  ; 9.594  ;
; Y[0]       ; display12     ; 9.895  ; 9.780  ; 9.780  ; 9.895  ;
; Y[0]       ; display13     ; 9.935  ; 9.820  ; 9.820  ; 9.935  ;
; Y[0]       ; display14     ; 10.271 ; 10.271 ; 10.271 ; 10.271 ;
; Y[0]       ; display15     ; 9.377  ; 9.377  ; 9.377  ; 9.377  ;
; Y[0]       ; display16     ; 10.284 ; 10.108 ; 10.108 ; 10.284 ;
; Y[0]       ; display17     ; 10.068 ; 10.239 ; 10.239 ; 10.068 ;
; Y[0]       ; neg_display7  ;        ; 8.116  ; 8.116  ;        ;
; Y[0]       ; neg_display37 ;        ; 7.613  ; 7.613  ;        ;
; Y[1]       ; Cout          ; 9.163  ; 8.984  ; 8.984  ; 9.163  ;
; Y[1]       ; display1      ; 9.185  ; 9.185  ; 9.185  ; 9.185  ;
; Y[1]       ; display2      ; 9.161  ; 9.161  ; 9.161  ; 9.161  ;
; Y[1]       ; display3      ; 8.952  ; 9.128  ; 9.128  ; 8.952  ;
; Y[1]       ; display4      ; 9.159  ; 9.159  ; 9.159  ; 9.159  ;
; Y[1]       ; display5      ; 9.172  ; 8.996  ; 8.996  ; 9.172  ;
; Y[1]       ; display6      ; 8.905  ; 8.743  ; 8.743  ; 8.905  ;
; Y[1]       ; display7      ; 8.921  ; 8.921  ; 8.921  ; 8.921  ;
; Y[1]       ; display11     ; 9.756  ; 9.756  ; 9.756  ; 9.756  ;
; Y[1]       ; display12     ; 10.057 ; 9.896  ; 9.896  ; 10.057 ;
; Y[1]       ; display13     ; 10.097 ; 9.936  ; 9.936  ; 10.097 ;
; Y[1]       ; display14     ; 10.433 ; 10.433 ; 10.433 ; 10.433 ;
; Y[1]       ; display15     ; 9.539  ; 9.539  ; 9.539  ; 9.539  ;
; Y[1]       ; display16     ; 10.446 ; 10.270 ; 10.270 ; 10.446 ;
; Y[1]       ; display17     ; 10.225 ; 10.401 ; 10.401 ; 10.225 ;
; Y[1]       ; neg_display7  ;        ; 8.278  ; 8.278  ;        ;
; Y[1]       ; neg_display37 ;        ; 7.775  ; 7.775  ;        ;
; Y[2]       ; Cout          ; 9.414  ; 9.414  ; 9.414  ; 9.414  ;
; Y[2]       ; display1      ; 9.436  ; 9.436  ; 9.436  ; 9.436  ;
; Y[2]       ; display2      ; 9.412  ; 9.412  ; 9.412  ; 9.412  ;
; Y[2]       ; display3      ; 9.379  ; 9.379  ; 9.379  ; 9.379  ;
; Y[2]       ; display4      ; 9.410  ; 9.410  ; 9.410  ; 9.410  ;
; Y[2]       ; display5      ; 9.423  ; 9.423  ; 9.423  ; 9.423  ;
; Y[2]       ; display6      ; 9.156  ; 9.156  ; 9.156  ; 9.156  ;
; Y[2]       ; display7      ; 9.172  ; 9.172  ; 9.172  ; 9.172  ;
; Y[2]       ; display11     ; 10.007 ; 10.007 ; 10.007 ; 10.007 ;
; Y[2]       ; display12     ; 10.308 ; 10.308 ; 10.308 ; 10.308 ;
; Y[2]       ; display13     ; 10.348 ; 10.348 ; 10.348 ; 10.348 ;
; Y[2]       ; display14     ; 10.684 ; 10.684 ; 10.684 ; 10.684 ;
; Y[2]       ; display15     ; 9.790  ; 9.790  ; 9.790  ; 9.790  ;
; Y[2]       ; display16     ; 10.697 ; 10.697 ; 10.697 ; 10.697 ;
; Y[2]       ; display17     ; 10.652 ; 10.652 ; 10.652 ; 10.652 ;
; Y[2]       ; neg_display7  ; 8.529  ; 8.529  ; 8.529  ; 8.529  ;
; Y[2]       ; neg_display37 ; 8.026  ; 8.026  ; 8.026  ; 8.026  ;
; Y[3]       ; Cout          ; 10.661 ; 10.661 ; 10.661 ; 10.661 ;
; Y[3]       ; display1      ; 10.683 ; 10.683 ; 10.683 ; 10.683 ;
; Y[3]       ; display2      ; 10.659 ; 10.659 ; 10.659 ; 10.659 ;
; Y[3]       ; display3      ; 10.626 ; 10.626 ; 10.626 ; 10.626 ;
; Y[3]       ; display4      ; 10.657 ; 10.657 ; 10.657 ; 10.657 ;
; Y[3]       ; display5      ; 10.670 ; 10.670 ; 10.670 ; 10.670 ;
; Y[3]       ; display6      ; 10.403 ; 10.403 ; 10.403 ; 10.403 ;
; Y[3]       ; display7      ; 10.419 ; 10.419 ; 10.419 ; 10.419 ;
; Y[3]       ; display11     ; 11.254 ; 11.254 ; 11.254 ; 11.254 ;
; Y[3]       ; display12     ; 11.555 ; 11.555 ; 11.555 ; 11.555 ;
; Y[3]       ; display13     ; 11.595 ; 11.595 ; 11.595 ; 11.595 ;
; Y[3]       ; display14     ; 11.931 ; 11.931 ; 11.931 ; 11.931 ;
; Y[3]       ; display15     ; 11.037 ; 11.037 ; 11.037 ; 11.037 ;
; Y[3]       ; display16     ; 11.944 ; 11.944 ; 11.944 ; 11.944 ;
; Y[3]       ; display17     ; 11.899 ; 11.899 ; 11.899 ; 11.899 ;
; Y[3]       ; neg_display7  ; 9.776  ; 9.776  ; 9.776  ; 9.776  ;
; Y[3]       ; neg_display37 ; 9.273  ; 9.273  ; 9.273  ; 9.273  ;
+------------+---------------+--------+--------+--------+--------+


+----------------------------------------------------------------+
; Minimum Propagation Delay                                      ;
+------------+---------------+--------+--------+--------+--------+
; Input Port ; Output Port   ; RR     ; RF     ; FR     ; FF     ;
+------------+---------------+--------+--------+--------+--------+
; Cin        ; Cout          ; 13.391 ; 12.193 ; 12.193 ; 13.391 ;
; Cin        ; display1      ; 12.057 ; 12.057 ; 12.057 ; 12.057 ;
; Cin        ; display2      ; 12.036 ; 12.036 ; 12.036 ; 12.036 ;
; Cin        ; display3      ; 12.051 ; 12.051 ; 12.051 ; 12.051 ;
; Cin        ; display4      ; 12.054 ; 12.054 ; 12.054 ; 12.054 ;
; Cin        ; display5      ; 12.042 ; 12.205 ; 12.205 ; 12.042 ;
; Cin        ; display6      ; 11.807 ; 11.807 ; 11.807 ; 11.807 ;
; Cin        ; display7      ; 11.798 ; 11.798 ; 11.798 ; 11.798 ;
; Cin        ; display11     ; 12.627 ; 12.627 ; 12.627 ; 12.627 ;
; Cin        ; display12     ; 14.029 ; 12.961 ; 12.961 ; 14.029 ;
; Cin        ; display13     ; 14.069 ; 13.001 ; 13.001 ; 14.069 ;
; Cin        ; display14     ; 13.322 ; 13.322 ; 13.322 ; 13.322 ;
; Cin        ; display15     ; 12.407 ; 12.775 ; 12.775 ; 12.407 ;
; Cin        ; display16     ; 13.327 ; 13.682 ; 13.682 ; 13.327 ;
; Cin        ; display17     ; 13.291 ; 13.291 ; 13.291 ; 13.291 ;
; Cin        ; neg_display7  ;        ; 13.142 ; 13.142 ;        ;
; Cin        ; neg_display37 ;        ; 12.639 ; 12.639 ;        ;
; X[0]       ; Cout          ; 9.585  ; 10.356 ; 10.356 ; 9.585  ;
; X[0]       ; display1      ; 9.389  ; 9.389  ; 9.389  ; 9.389  ;
; X[0]       ; display2      ; 9.365  ; 9.365  ; 9.365  ; 9.365  ;
; X[0]       ; display3      ; 9.332  ; 9.332  ; 9.332  ; 9.332  ;
; X[0]       ; display4      ; 9.363  ; 9.363  ; 9.363  ; 9.363  ;
; X[0]       ; display5      ; 9.376  ; 9.376  ; 9.376  ; 9.376  ;
; X[0]       ; display6      ; 9.109  ; 9.109  ; 9.109  ; 9.109  ;
; X[0]       ; display7      ; 9.125  ; 9.125  ; 9.125  ; 9.125  ;
; X[0]       ; display11     ; 9.960  ; 9.960  ; 9.960  ; 9.960  ;
; X[0]       ; display12     ; 10.261 ; 10.261 ; 10.261 ; 10.261 ;
; X[0]       ; display13     ; 10.301 ; 10.301 ; 10.301 ; 10.301 ;
; X[0]       ; display14     ; 10.637 ; 10.637 ; 10.637 ; 10.637 ;
; X[0]       ; display15     ; 9.743  ; 9.743  ; 9.743  ; 9.743  ;
; X[0]       ; display16     ; 10.650 ; 10.650 ; 10.650 ; 10.650 ;
; X[0]       ; display17     ; 10.605 ; 10.605 ; 10.605 ; 10.605 ;
; X[0]       ; neg_display7  ; 9.818  ;        ;        ; 9.818  ;
; X[0]       ; neg_display37 ; 9.315  ;        ;        ; 9.315  ;
; X[1]       ; Cout          ; 9.281  ; 10.045 ; 10.045 ; 9.281  ;
; X[1]       ; display1      ; 8.866  ; 8.866  ; 8.866  ; 8.866  ;
; X[1]       ; display2      ; 8.869  ; 8.869  ; 8.869  ; 8.869  ;
; X[1]       ; display3      ; 8.880  ; 8.880  ; 8.880  ; 8.880  ;
; X[1]       ; display4      ; 8.886  ; 8.886  ; 8.886  ; 8.886  ;
; X[1]       ; display5      ; 8.886  ; 8.886  ; 8.886  ; 8.886  ;
; X[1]       ; display6      ; 8.640  ; 8.640  ; 8.640  ; 8.640  ;
; X[1]       ; display7      ; 8.634  ; 8.634  ; 8.634  ; 8.634  ;
; X[1]       ; display11     ; 9.427  ; 9.427  ; 9.427  ; 9.427  ;
; X[1]       ; display12     ; 9.793  ; 9.793  ; 9.793  ; 9.793  ;
; X[1]       ; display13     ; 9.833  ; 9.833  ; 9.833  ; 9.833  ;
; X[1]       ; display14     ; 10.151 ; 10.151 ; 10.151 ; 10.151 ;
; X[1]       ; display15     ; 9.248  ; 9.248  ; 9.248  ; 9.248  ;
; X[1]       ; display16     ; 10.118 ; 10.118 ; 10.118 ; 10.118 ;
; X[1]       ; display17     ; 10.081 ; 10.081 ; 10.081 ; 10.081 ;
; X[1]       ; neg_display7  ; 9.356  ;        ;        ; 9.356  ;
; X[1]       ; neg_display37 ; 8.853  ;        ;        ; 8.853  ;
; X[2]       ; Cout          ; 9.394  ; 10.136 ; 10.136 ; 9.394  ;
; X[2]       ; display1      ; 9.160  ; 9.160  ; 9.160  ; 9.160  ;
; X[2]       ; display2      ; 9.136  ; 9.136  ; 9.136  ; 9.136  ;
; X[2]       ; display3      ; 9.131  ; 9.131  ; 9.131  ; 9.131  ;
; X[2]       ; display4      ; 9.136  ; 9.136  ; 9.136  ; 9.136  ;
; X[2]       ; display5      ; 9.149  ; 9.149  ; 9.149  ; 9.149  ;
; X[2]       ; display6      ; 8.884  ; 8.884  ; 8.884  ; 8.884  ;
; X[2]       ; display7      ; 8.896  ; 8.896  ; 8.896  ; 8.896  ;
; X[2]       ; display11     ; 9.732  ; 9.732  ; 9.732  ; 9.732  ;
; X[2]       ; display12     ; 10.036 ; 10.036 ; 10.036 ; 10.036 ;
; X[2]       ; display13     ; 10.076 ; 10.076 ; 10.076 ; 10.076 ;
; X[2]       ; display14     ; 10.409 ; 10.409 ; 10.409 ; 10.409 ;
; X[2]       ; display15     ; 9.515  ; 9.515  ; 9.515  ; 9.515  ;
; X[2]       ; display16     ; 10.423 ; 10.423 ; 10.423 ; 10.423 ;
; X[2]       ; display17     ; 10.375 ; 10.375 ; 10.375 ; 10.375 ;
; X[2]       ; neg_display7  ; 9.644  ; 9.822  ; 9.822  ; 9.644  ;
; X[2]       ; neg_display37 ; 9.141  ; 9.319  ; 9.319  ; 9.141  ;
; X[3]       ; Cout          ; 7.817  ; 8.591  ; 8.591  ; 7.817  ;
; X[3]       ; display1      ; 7.501  ; 7.501  ; 7.501  ; 7.501  ;
; X[3]       ; display2      ; 7.480  ; 7.480  ; 7.480  ; 7.480  ;
; X[3]       ; display3      ; 7.495  ; 7.495  ; 7.495  ; 7.495  ;
; X[3]       ; display4      ; 7.498  ; 7.498  ; 7.498  ; 7.498  ;
; X[3]       ; display5      ; 7.486  ; 7.486  ; 7.486  ; 7.486  ;
; X[3]       ; display6      ; 7.251  ; 7.251  ; 7.251  ; 7.251  ;
; X[3]       ; display7      ; 7.242  ; 7.242  ; 7.242  ; 7.242  ;
; X[3]       ; display11     ; 8.071  ; 8.071  ; 8.071  ; 8.071  ;
; X[3]       ; display12     ; 8.405  ; 8.405  ; 8.405  ; 8.405  ;
; X[3]       ; display13     ; 8.445  ; 8.445  ; 8.445  ; 8.445  ;
; X[3]       ; display14     ; 8.766  ; 8.766  ; 8.766  ; 8.766  ;
; X[3]       ; display15     ; 7.851  ; 7.851  ; 7.851  ; 7.851  ;
; X[3]       ; display16     ; 8.771  ; 8.771  ; 8.771  ; 8.771  ;
; X[3]       ; display17     ; 8.735  ; 8.735  ; 8.735  ; 8.735  ;
; X[3]       ; neg_display7  ; 8.266  ; 8.443  ; 8.443  ; 8.266  ;
; X[3]       ; neg_display37 ; 7.763  ; 7.940  ; 7.940  ; 7.763  ;
; Y[0]       ; Cout          ; 7.989  ; 8.822  ; 8.822  ; 7.989  ;
; Y[0]       ; display1      ; 7.792  ; 7.792  ; 7.792  ; 7.792  ;
; Y[0]       ; display2      ; 7.768  ; 7.768  ; 7.768  ; 7.768  ;
; Y[0]       ; display3      ; 7.735  ; 7.735  ; 7.735  ; 7.735  ;
; Y[0]       ; display4      ; 7.766  ; 7.766  ; 7.766  ; 7.766  ;
; Y[0]       ; display5      ; 7.779  ; 7.779  ; 7.779  ; 7.779  ;
; Y[0]       ; display6      ; 7.512  ; 7.512  ; 7.512  ; 7.512  ;
; Y[0]       ; display7      ; 7.528  ; 7.528  ; 7.528  ; 7.528  ;
; Y[0]       ; display11     ; 8.363  ; 8.363  ; 8.363  ; 8.363  ;
; Y[0]       ; display12     ; 8.664  ; 8.664  ; 8.664  ; 8.664  ;
; Y[0]       ; display13     ; 8.704  ; 8.704  ; 8.704  ; 8.704  ;
; Y[0]       ; display14     ; 9.040  ; 9.040  ; 9.040  ; 9.040  ;
; Y[0]       ; display15     ; 8.146  ; 8.146  ; 8.146  ; 8.146  ;
; Y[0]       ; display16     ; 9.053  ; 9.053  ; 9.053  ; 9.053  ;
; Y[0]       ; display17     ; 9.008  ; 9.008  ; 9.008  ; 9.008  ;
; Y[0]       ; neg_display7  ;        ; 8.116  ; 8.116  ;        ;
; Y[0]       ; neg_display37 ;        ; 7.613  ; 7.613  ;        ;
; Y[1]       ; Cout          ; 7.921  ; 8.979  ; 8.979  ; 7.921  ;
; Y[1]       ; display1      ; 7.503  ; 7.503  ; 7.503  ; 7.503  ;
; Y[1]       ; display2      ; 7.506  ; 7.506  ; 7.506  ; 7.506  ;
; Y[1]       ; display3      ; 7.517  ; 7.517  ; 7.517  ; 7.517  ;
; Y[1]       ; display4      ; 7.523  ; 7.523  ; 7.523  ; 7.523  ;
; Y[1]       ; display5      ; 7.523  ; 7.523  ; 7.523  ; 7.523  ;
; Y[1]       ; display6      ; 7.277  ; 7.277  ; 7.277  ; 7.277  ;
; Y[1]       ; display7      ; 7.271  ; 7.271  ; 7.271  ; 7.271  ;
; Y[1]       ; display11     ; 8.064  ; 8.064  ; 8.064  ; 8.064  ;
; Y[1]       ; display12     ; 8.430  ; 8.430  ; 8.430  ; 8.430  ;
; Y[1]       ; display13     ; 8.470  ; 8.470  ; 8.470  ; 8.470  ;
; Y[1]       ; display14     ; 8.788  ; 8.788  ; 8.788  ; 8.788  ;
; Y[1]       ; display15     ; 7.885  ; 7.885  ; 7.885  ; 7.885  ;
; Y[1]       ; display16     ; 8.755  ; 8.755  ; 8.755  ; 8.755  ;
; Y[1]       ; display17     ; 8.718  ; 8.718  ; 8.718  ; 8.718  ;
; Y[1]       ; neg_display7  ;        ; 8.278  ; 8.278  ;        ;
; Y[1]       ; neg_display37 ;        ; 7.775  ; 7.775  ;        ;
; Y[2]       ; Cout          ; 7.819  ; 8.921  ; 8.921  ; 7.819  ;
; Y[2]       ; display1      ; 7.584  ; 7.584  ; 7.584  ; 7.584  ;
; Y[2]       ; display2      ; 7.560  ; 7.560  ; 7.560  ; 7.560  ;
; Y[2]       ; display3      ; 7.555  ; 7.555  ; 7.555  ; 7.555  ;
; Y[2]       ; display4      ; 7.560  ; 7.560  ; 7.560  ; 7.560  ;
; Y[2]       ; display5      ; 7.573  ; 7.573  ; 7.573  ; 7.573  ;
; Y[2]       ; display6      ; 7.308  ; 7.308  ; 7.308  ; 7.308  ;
; Y[2]       ; display7      ; 7.320  ; 7.320  ; 7.320  ; 7.320  ;
; Y[2]       ; display11     ; 8.156  ; 8.156  ; 8.156  ; 8.156  ;
; Y[2]       ; display12     ; 8.460  ; 8.460  ; 8.460  ; 8.460  ;
; Y[2]       ; display13     ; 8.500  ; 8.500  ; 8.500  ; 8.500  ;
; Y[2]       ; display14     ; 8.833  ; 8.833  ; 8.833  ; 8.833  ;
; Y[2]       ; display15     ; 7.939  ; 7.939  ; 7.939  ; 7.939  ;
; Y[2]       ; display16     ; 8.847  ; 8.847  ; 8.847  ; 8.847  ;
; Y[2]       ; display17     ; 8.799  ; 8.799  ; 8.799  ; 8.799  ;
; Y[2]       ; neg_display7  ; 8.529  ; 8.379  ; 8.379  ; 8.529  ;
; Y[2]       ; neg_display37 ; 8.026  ; 7.876  ; 7.876  ; 8.026  ;
; Y[3]       ; Cout          ; 8.954  ; 10.000 ; 10.000 ; 8.954  ;
; Y[3]       ; display1      ; 8.641  ; 8.641  ; 8.641  ; 8.641  ;
; Y[3]       ; display2      ; 8.620  ; 8.620  ; 8.620  ; 8.620  ;
; Y[3]       ; display3      ; 8.635  ; 8.635  ; 8.635  ; 8.635  ;
; Y[3]       ; display4      ; 8.638  ; 8.638  ; 8.638  ; 8.638  ;
; Y[3]       ; display5      ; 8.626  ; 8.626  ; 8.626  ; 8.626  ;
; Y[3]       ; display6      ; 8.391  ; 8.391  ; 8.391  ; 8.391  ;
; Y[3]       ; display7      ; 8.382  ; 8.382  ; 8.382  ; 8.382  ;
; Y[3]       ; display11     ; 9.211  ; 9.211  ; 9.211  ; 9.211  ;
; Y[3]       ; display12     ; 9.545  ; 9.545  ; 9.545  ; 9.545  ;
; Y[3]       ; display13     ; 9.585  ; 9.585  ; 9.585  ; 9.585  ;
; Y[3]       ; display14     ; 9.906  ; 9.906  ; 9.906  ; 9.906  ;
; Y[3]       ; display15     ; 8.991  ; 8.991  ; 8.991  ; 8.991  ;
; Y[3]       ; display16     ; 9.911  ; 9.911  ; 9.911  ; 9.911  ;
; Y[3]       ; display17     ; 9.875  ; 9.875  ; 9.875  ; 9.875  ;
; Y[3]       ; neg_display7  ; 9.776  ; 9.599  ; 9.599  ; 9.776  ;
; Y[3]       ; neg_display37 ; 9.273  ; 9.096  ; 9.096  ; 9.273  ;
+------------+---------------+--------+--------+--------+--------+


----------------------------
; Fast Model Setup Summary ;
----------------------------
No paths to report.


---------------------------
; Fast Model Hold Summary ;
---------------------------
No paths to report.


-------------------------------
; Fast Model Recovery Summary ;
-------------------------------
No paths to report.


------------------------------
; Fast Model Removal Summary ;
------------------------------
No paths to report.


------------------------------------------
; Fast Model Minimum Pulse Width Summary ;
------------------------------------------
No paths to report.


+------------------------------------------------------------+
; Propagation Delay                                          ;
+------------+---------------+-------+-------+-------+-------+
; Input Port ; Output Port   ; RR    ; RF    ; FR    ; FF    ;
+------------+---------------+-------+-------+-------+-------+
; Cin        ; Cout          ; 7.501 ; 6.716 ; 6.716 ; 7.501 ;
; Cin        ; display1      ; 7.522 ; 7.522 ; 7.522 ; 7.522 ;
; Cin        ; display2      ; 7.492 ; 7.492 ; 7.492 ; 7.492 ;
; Cin        ; display3      ; 7.422 ; 7.487 ; 7.487 ; 7.422 ;
; Cin        ; display4      ; 7.492 ; 7.492 ; 7.492 ; 7.492 ;
; Cin        ; display5      ; 7.512 ; 7.429 ; 7.429 ; 7.512 ;
; Cin        ; display6      ; 7.380 ; 7.313 ; 7.313 ; 7.380 ;
; Cin        ; display7      ; 7.386 ; 7.386 ; 7.386 ; 7.386 ;
; Cin        ; display11     ; 7.756 ; 7.756 ; 7.756 ; 7.756 ;
; Cin        ; display12     ; 7.834 ; 7.561 ; 7.561 ; 7.834 ;
; Cin        ; display13     ; 7.874 ; 7.601 ; 7.601 ; 7.874 ;
; Cin        ; display14     ; 8.025 ; 8.025 ; 8.025 ; 8.025 ;
; Cin        ; display15     ; 7.664 ; 7.664 ; 7.664 ; 7.664 ;
; Cin        ; display16     ; 8.168 ; 8.085 ; 8.085 ; 8.168 ;
; Cin        ; display17     ; 7.820 ; 7.994 ; 7.994 ; 7.820 ;
; Cin        ; neg_display7  ;       ; 7.112 ; 7.112 ;       ;
; Cin        ; neg_display37 ;       ; 6.877 ; 6.877 ;       ;
; X[0]       ; Cout          ; 5.268 ; 5.319 ; 5.319 ; 5.268 ;
; X[0]       ; display1      ; 5.340 ; 5.340 ; 5.340 ; 5.340 ;
; X[0]       ; display2      ; 5.310 ; 5.310 ; 5.310 ; 5.310 ;
; X[0]       ; display3      ; 5.305 ; 5.227 ; 5.227 ; 5.305 ;
; X[0]       ; display4      ; 5.310 ; 5.310 ; 5.310 ; 5.310 ;
; X[0]       ; display5      ; 5.252 ; 5.330 ; 5.330 ; 5.252 ;
; X[0]       ; display6      ; 5.132 ; 5.198 ; 5.198 ; 5.132 ;
; X[0]       ; display7      ; 5.204 ; 5.204 ; 5.204 ; 5.204 ;
; X[0]       ; display11     ; 5.574 ; 5.574 ; 5.574 ; 5.574 ;
; X[0]       ; display12     ; 5.595 ; 5.652 ; 5.652 ; 5.595 ;
; X[0]       ; display13     ; 5.635 ; 5.692 ; 5.692 ; 5.635 ;
; X[0]       ; display14     ; 5.843 ; 5.843 ; 5.843 ; 5.843 ;
; X[0]       ; display15     ; 5.482 ; 5.482 ; 5.482 ; 5.482 ;
; X[0]       ; display16     ; 5.908 ; 5.986 ; 5.986 ; 5.908 ;
; X[0]       ; display17     ; 5.812 ; 5.742 ; 5.742 ; 5.812 ;
; X[0]       ; neg_display7  ; 4.930 ;       ;       ; 4.930 ;
; X[0]       ; neg_display37 ; 4.695 ;       ;       ; 4.695 ;
; X[1]       ; Cout          ; 5.130 ; 5.114 ; 5.114 ; 5.130 ;
; X[1]       ; display1      ; 5.135 ; 5.135 ; 5.135 ; 5.135 ;
; X[1]       ; display2      ; 5.105 ; 5.105 ; 5.105 ; 5.105 ;
; X[1]       ; display3      ; 5.100 ; 5.022 ; 5.022 ; 5.100 ;
; X[1]       ; display4      ; 5.105 ; 5.105 ; 5.105 ; 5.105 ;
; X[1]       ; display5      ; 5.047 ; 5.125 ; 5.125 ; 5.047 ;
; X[1]       ; display6      ; 4.927 ; 4.993 ; 4.993 ; 4.927 ;
; X[1]       ; display7      ; 4.999 ; 4.999 ; 4.999 ; 4.999 ;
; X[1]       ; display11     ; 5.369 ; 5.369 ; 5.369 ; 5.369 ;
; X[1]       ; display12     ; 5.390 ; 5.447 ; 5.447 ; 5.390 ;
; X[1]       ; display13     ; 5.430 ; 5.487 ; 5.487 ; 5.430 ;
; X[1]       ; display14     ; 5.638 ; 5.638 ; 5.638 ; 5.638 ;
; X[1]       ; display15     ; 5.277 ; 5.277 ; 5.277 ; 5.277 ;
; X[1]       ; display16     ; 5.703 ; 5.781 ; 5.781 ; 5.703 ;
; X[1]       ; display17     ; 5.607 ; 5.537 ; 5.537 ; 5.607 ;
; X[1]       ; neg_display7  ; 4.725 ;       ;       ; 4.725 ;
; X[1]       ; neg_display37 ; 4.490 ;       ;       ; 4.490 ;
; X[2]       ; Cout          ; 5.297 ; 5.297 ; 5.297 ; 5.297 ;
; X[2]       ; display1      ; 5.318 ; 5.318 ; 5.318 ; 5.318 ;
; X[2]       ; display2      ; 5.288 ; 5.288 ; 5.288 ; 5.288 ;
; X[2]       ; display3      ; 5.283 ; 5.283 ; 5.283 ; 5.283 ;
; X[2]       ; display4      ; 5.288 ; 5.288 ; 5.288 ; 5.288 ;
; X[2]       ; display5      ; 5.308 ; 5.308 ; 5.308 ; 5.308 ;
; X[2]       ; display6      ; 5.176 ; 5.176 ; 5.176 ; 5.176 ;
; X[2]       ; display7      ; 5.182 ; 5.182 ; 5.182 ; 5.182 ;
; X[2]       ; display11     ; 5.552 ; 5.552 ; 5.552 ; 5.552 ;
; X[2]       ; display12     ; 5.630 ; 5.630 ; 5.630 ; 5.630 ;
; X[2]       ; display13     ; 5.670 ; 5.670 ; 5.670 ; 5.670 ;
; X[2]       ; display14     ; 5.821 ; 5.821 ; 5.821 ; 5.821 ;
; X[2]       ; display15     ; 5.460 ; 5.460 ; 5.460 ; 5.460 ;
; X[2]       ; display16     ; 5.964 ; 5.964 ; 5.964 ; 5.964 ;
; X[2]       ; display17     ; 5.790 ; 5.790 ; 5.790 ; 5.790 ;
; X[2]       ; neg_display7  ; 4.908 ; 4.908 ; 4.908 ; 4.908 ;
; X[2]       ; neg_display37 ; 4.673 ; 4.673 ; 4.673 ; 4.673 ;
; X[3]       ; Cout          ; 4.573 ; 4.573 ; 4.573 ; 4.573 ;
; X[3]       ; display1      ; 4.594 ; 4.594 ; 4.594 ; 4.594 ;
; X[3]       ; display2      ; 4.564 ; 4.564 ; 4.564 ; 4.564 ;
; X[3]       ; display3      ; 4.559 ; 4.559 ; 4.559 ; 4.559 ;
; X[3]       ; display4      ; 4.564 ; 4.564 ; 4.564 ; 4.564 ;
; X[3]       ; display5      ; 4.584 ; 4.584 ; 4.584 ; 4.584 ;
; X[3]       ; display6      ; 4.452 ; 4.452 ; 4.452 ; 4.452 ;
; X[3]       ; display7      ; 4.458 ; 4.458 ; 4.458 ; 4.458 ;
; X[3]       ; display11     ; 4.828 ; 4.828 ; 4.828 ; 4.828 ;
; X[3]       ; display12     ; 4.906 ; 4.906 ; 4.906 ; 4.906 ;
; X[3]       ; display13     ; 4.946 ; 4.946 ; 4.946 ; 4.946 ;
; X[3]       ; display14     ; 5.097 ; 5.097 ; 5.097 ; 5.097 ;
; X[3]       ; display15     ; 4.736 ; 4.736 ; 4.736 ; 4.736 ;
; X[3]       ; display16     ; 5.240 ; 5.240 ; 5.240 ; 5.240 ;
; X[3]       ; display17     ; 5.066 ; 5.066 ; 5.066 ; 5.066 ;
; X[3]       ; neg_display7  ; 4.184 ; 4.184 ; 4.184 ; 4.184 ;
; X[3]       ; neg_display37 ; 3.949 ; 3.949 ; 3.949 ; 3.949 ;
; Y[0]       ; Cout          ; 4.433 ; 4.431 ; 4.431 ; 4.433 ;
; Y[0]       ; display1      ; 4.454 ; 4.454 ; 4.454 ; 4.454 ;
; Y[0]       ; display2      ; 4.424 ; 4.424 ; 4.424 ; 4.424 ;
; Y[0]       ; display3      ; 4.349 ; 4.419 ; 4.419 ; 4.349 ;
; Y[0]       ; display4      ; 4.424 ; 4.424 ; 4.424 ; 4.424 ;
; Y[0]       ; display5      ; 4.444 ; 4.366 ; 4.366 ; 4.444 ;
; Y[0]       ; display6      ; 4.312 ; 4.246 ; 4.246 ; 4.312 ;
; Y[0]       ; display7      ; 4.318 ; 4.318 ; 4.318 ; 4.318 ;
; Y[0]       ; display11     ; 4.688 ; 4.688 ; 4.688 ; 4.688 ;
; Y[0]       ; display12     ; 4.766 ; 4.709 ; 4.709 ; 4.766 ;
; Y[0]       ; display13     ; 4.806 ; 4.749 ; 4.749 ; 4.806 ;
; Y[0]       ; display14     ; 4.957 ; 4.957 ; 4.957 ; 4.957 ;
; Y[0]       ; display15     ; 4.596 ; 4.596 ; 4.596 ; 4.596 ;
; Y[0]       ; display16     ; 5.100 ; 5.022 ; 5.022 ; 5.100 ;
; Y[0]       ; display17     ; 4.856 ; 4.926 ; 4.926 ; 4.856 ;
; Y[0]       ; neg_display7  ;       ; 4.044 ; 4.044 ;       ;
; Y[0]       ; neg_display37 ;       ; 3.809 ; 3.809 ;       ;
; Y[1]       ; Cout          ; 4.500 ; 4.422 ; 4.422 ; 4.500 ;
; Y[1]       ; display1      ; 4.521 ; 4.521 ; 4.521 ; 4.521 ;
; Y[1]       ; display2      ; 4.491 ; 4.491 ; 4.491 ; 4.491 ;
; Y[1]       ; display3      ; 4.408 ; 4.486 ; 4.486 ; 4.408 ;
; Y[1]       ; display4      ; 4.491 ; 4.491 ; 4.491 ; 4.491 ;
; Y[1]       ; display5      ; 4.511 ; 4.433 ; 4.433 ; 4.511 ;
; Y[1]       ; display6      ; 4.379 ; 4.313 ; 4.313 ; 4.379 ;
; Y[1]       ; display7      ; 4.385 ; 4.385 ; 4.385 ; 4.385 ;
; Y[1]       ; display11     ; 4.755 ; 4.755 ; 4.755 ; 4.755 ;
; Y[1]       ; display12     ; 4.833 ; 4.776 ; 4.776 ; 4.833 ;
; Y[1]       ; display13     ; 4.873 ; 4.816 ; 4.816 ; 4.873 ;
; Y[1]       ; display14     ; 5.024 ; 5.024 ; 5.024 ; 5.024 ;
; Y[1]       ; display15     ; 4.663 ; 4.663 ; 4.663 ; 4.663 ;
; Y[1]       ; display16     ; 5.167 ; 5.089 ; 5.089 ; 5.167 ;
; Y[1]       ; display17     ; 4.923 ; 4.993 ; 4.993 ; 4.923 ;
; Y[1]       ; neg_display7  ;       ; 4.111 ; 4.111 ;       ;
; Y[1]       ; neg_display37 ;       ; 3.876 ; 3.876 ;       ;
; Y[2]       ; Cout          ; 4.619 ; 4.619 ; 4.619 ; 4.619 ;
; Y[2]       ; display1      ; 4.640 ; 4.640 ; 4.640 ; 4.640 ;
; Y[2]       ; display2      ; 4.610 ; 4.610 ; 4.610 ; 4.610 ;
; Y[2]       ; display3      ; 4.605 ; 4.605 ; 4.605 ; 4.605 ;
; Y[2]       ; display4      ; 4.610 ; 4.610 ; 4.610 ; 4.610 ;
; Y[2]       ; display5      ; 4.630 ; 4.630 ; 4.630 ; 4.630 ;
; Y[2]       ; display6      ; 4.498 ; 4.498 ; 4.498 ; 4.498 ;
; Y[2]       ; display7      ; 4.504 ; 4.504 ; 4.504 ; 4.504 ;
; Y[2]       ; display11     ; 4.874 ; 4.874 ; 4.874 ; 4.874 ;
; Y[2]       ; display12     ; 4.952 ; 4.952 ; 4.952 ; 4.952 ;
; Y[2]       ; display13     ; 4.992 ; 4.992 ; 4.992 ; 4.992 ;
; Y[2]       ; display14     ; 5.143 ; 5.143 ; 5.143 ; 5.143 ;
; Y[2]       ; display15     ; 4.782 ; 4.782 ; 4.782 ; 4.782 ;
; Y[2]       ; display16     ; 5.286 ; 5.286 ; 5.286 ; 5.286 ;
; Y[2]       ; display17     ; 5.112 ; 5.112 ; 5.112 ; 5.112 ;
; Y[2]       ; neg_display7  ; 4.230 ; 4.230 ; 4.230 ; 4.230 ;
; Y[2]       ; neg_display37 ; 3.995 ; 3.995 ; 3.995 ; 3.995 ;
; Y[3]       ; Cout          ; 5.346 ; 5.346 ; 5.346 ; 5.346 ;
; Y[3]       ; display1      ; 5.367 ; 5.367 ; 5.367 ; 5.367 ;
; Y[3]       ; display2      ; 5.337 ; 5.337 ; 5.337 ; 5.337 ;
; Y[3]       ; display3      ; 5.332 ; 5.332 ; 5.332 ; 5.332 ;
; Y[3]       ; display4      ; 5.337 ; 5.337 ; 5.337 ; 5.337 ;
; Y[3]       ; display5      ; 5.357 ; 5.357 ; 5.357 ; 5.357 ;
; Y[3]       ; display6      ; 5.225 ; 5.225 ; 5.225 ; 5.225 ;
; Y[3]       ; display7      ; 5.231 ; 5.231 ; 5.231 ; 5.231 ;
; Y[3]       ; display11     ; 5.601 ; 5.601 ; 5.601 ; 5.601 ;
; Y[3]       ; display12     ; 5.679 ; 5.679 ; 5.679 ; 5.679 ;
; Y[3]       ; display13     ; 5.719 ; 5.719 ; 5.719 ; 5.719 ;
; Y[3]       ; display14     ; 5.870 ; 5.870 ; 5.870 ; 5.870 ;
; Y[3]       ; display15     ; 5.509 ; 5.509 ; 5.509 ; 5.509 ;
; Y[3]       ; display16     ; 6.013 ; 6.013 ; 6.013 ; 6.013 ;
; Y[3]       ; display17     ; 5.839 ; 5.839 ; 5.839 ; 5.839 ;
; Y[3]       ; neg_display7  ; 4.957 ; 4.957 ; 4.957 ; 4.957 ;
; Y[3]       ; neg_display37 ; 4.722 ; 4.722 ; 4.722 ; 4.722 ;
+------------+---------------+-------+-------+-------+-------+


+------------------------------------------------------------+
; Minimum Propagation Delay                                  ;
+------------+---------------+-------+-------+-------+-------+
; Input Port ; Output Port   ; RR    ; RF    ; FR    ; FF    ;
+------------+---------------+-------+-------+-------+-------+
; Cin        ; Cout          ; 7.211 ; 6.716 ; 6.716 ; 7.211 ;
; Cin        ; display1      ; 6.668 ; 6.668 ; 6.668 ; 6.668 ;
; Cin        ; display2      ; 6.645 ; 6.645 ; 6.645 ; 6.645 ;
; Cin        ; display3      ; 6.659 ; 6.659 ; 6.659 ; 6.659 ;
; Cin        ; display4      ; 6.661 ; 6.661 ; 6.661 ; 6.661 ;
; Cin        ; display5      ; 6.652 ; 6.733 ; 6.733 ; 6.652 ;
; Cin        ; display6      ; 6.547 ; 6.547 ; 6.547 ; 6.547 ;
; Cin        ; display7      ; 6.542 ; 6.542 ; 6.542 ; 6.542 ;
; Cin        ; display11     ; 6.899 ; 6.899 ; 6.899 ; 6.899 ;
; Cin        ; display12     ; 7.449 ; 7.009 ; 7.009 ; 7.449 ;
; Cin        ; display13     ; 7.489 ; 7.049 ; 7.049 ; 7.489 ;
; Cin        ; display14     ; 7.184 ; 7.184 ; 7.184 ; 7.184 ;
; Cin        ; display15     ; 6.805 ; 6.957 ; 6.957 ; 6.805 ;
; Cin        ; display16     ; 7.319 ; 7.461 ; 7.461 ; 7.319 ;
; Cin        ; display17     ; 7.162 ; 7.162 ; 7.162 ; 7.162 ;
; Cin        ; neg_display7  ;       ; 7.112 ; 7.112 ;       ;
; Cin        ; neg_display37 ;       ; 6.877 ; 6.877 ;       ;
; X[0]       ; Cout          ; 4.817 ; 5.148 ; 5.148 ; 4.817 ;
; X[0]       ; display1      ; 4.748 ; 4.748 ; 4.748 ; 4.748 ;
; X[0]       ; display2      ; 4.718 ; 4.718 ; 4.718 ; 4.718 ;
; X[0]       ; display3      ; 4.713 ; 4.713 ; 4.713 ; 4.713 ;
; X[0]       ; display4      ; 4.718 ; 4.718 ; 4.718 ; 4.718 ;
; X[0]       ; display5      ; 4.738 ; 4.738 ; 4.738 ; 4.738 ;
; X[0]       ; display6      ; 4.606 ; 4.606 ; 4.606 ; 4.606 ;
; X[0]       ; display7      ; 4.612 ; 4.612 ; 4.612 ; 4.612 ;
; X[0]       ; display11     ; 4.982 ; 4.982 ; 4.982 ; 4.982 ;
; X[0]       ; display12     ; 5.060 ; 5.060 ; 5.060 ; 5.060 ;
; X[0]       ; display13     ; 5.100 ; 5.100 ; 5.100 ; 5.100 ;
; X[0]       ; display14     ; 5.251 ; 5.251 ; 5.251 ; 5.251 ;
; X[0]       ; display15     ; 4.890 ; 4.890 ; 4.890 ; 4.890 ;
; X[0]       ; display16     ; 5.394 ; 5.394 ; 5.394 ; 5.394 ;
; X[0]       ; display17     ; 5.220 ; 5.220 ; 5.220 ; 5.220 ;
; X[0]       ; neg_display7  ; 4.930 ;       ;       ; 4.930 ;
; X[0]       ; neg_display37 ; 4.695 ;       ;       ; 4.695 ;
; X[1]       ; Cout          ; 4.679 ; 5.005 ; 5.005 ; 4.679 ;
; X[1]       ; display1      ; 4.536 ; 4.536 ; 4.536 ; 4.536 ;
; X[1]       ; display2      ; 4.508 ; 4.508 ; 4.508 ; 4.508 ;
; X[1]       ; display3      ; 4.518 ; 4.518 ; 4.518 ; 4.518 ;
; X[1]       ; display4      ; 4.524 ; 4.524 ; 4.524 ; 4.524 ;
; X[1]       ; display5      ; 4.525 ; 4.525 ; 4.525 ; 4.525 ;
; X[1]       ; display6      ; 4.409 ; 4.409 ; 4.409 ; 4.409 ;
; X[1]       ; display7      ; 4.403 ; 4.403 ; 4.403 ; 4.403 ;
; X[1]       ; display11     ; 4.769 ; 4.769 ; 4.769 ; 4.769 ;
; X[1]       ; display12     ; 4.872 ; 4.872 ; 4.872 ; 4.872 ;
; X[1]       ; display13     ; 4.912 ; 4.912 ; 4.912 ; 4.912 ;
; X[1]       ; display14     ; 5.045 ; 5.045 ; 5.045 ; 5.045 ;
; X[1]       ; display15     ; 4.678 ; 4.678 ; 4.678 ; 4.678 ;
; X[1]       ; display16     ; 5.181 ; 5.181 ; 5.181 ; 5.181 ;
; X[1]       ; display17     ; 5.019 ; 5.019 ; 5.019 ; 5.019 ;
; X[1]       ; neg_display7  ; 4.725 ;       ;       ; 4.725 ;
; X[1]       ; neg_display37 ; 4.490 ;       ;       ; 4.490 ;
; X[2]       ; Cout          ; 4.703 ; 5.026 ; 5.026 ; 4.703 ;
; X[2]       ; display1      ; 4.633 ; 4.633 ; 4.633 ; 4.633 ;
; X[2]       ; display2      ; 4.607 ; 4.607 ; 4.607 ; 4.607 ;
; X[2]       ; display3      ; 4.607 ; 4.607 ; 4.607 ; 4.607 ;
; X[2]       ; display4      ; 4.607 ; 4.607 ; 4.607 ; 4.607 ;
; X[2]       ; display5      ; 4.622 ; 4.622 ; 4.622 ; 4.622 ;
; X[2]       ; display6      ; 4.490 ; 4.490 ; 4.490 ; 4.490 ;
; X[2]       ; display7      ; 4.502 ; 4.502 ; 4.502 ; 4.502 ;
; X[2]       ; display11     ; 4.866 ; 4.866 ; 4.866 ; 4.866 ;
; X[2]       ; display12     ; 4.948 ; 4.948 ; 4.948 ; 4.948 ;
; X[2]       ; display13     ; 4.988 ; 4.988 ; 4.988 ; 4.988 ;
; X[2]       ; display14     ; 5.132 ; 5.132 ; 5.132 ; 5.132 ;
; X[2]       ; display15     ; 4.774 ; 4.774 ; 4.774 ; 4.774 ;
; X[2]       ; display16     ; 5.277 ; 5.277 ; 5.277 ; 5.277 ;
; X[2]       ; display17     ; 5.109 ; 5.109 ; 5.109 ; 5.109 ;
; X[2]       ; neg_display7  ; 4.827 ; 4.908 ; 4.908 ; 4.827 ;
; X[2]       ; neg_display37 ; 4.592 ; 4.673 ; 4.673 ; 4.592 ;
; X[3]       ; Cout          ; 3.894 ; 4.230 ; 4.230 ; 3.894 ;
; X[3]       ; display1      ; 3.787 ; 3.787 ; 3.787 ; 3.787 ;
; X[3]       ; display2      ; 3.764 ; 3.764 ; 3.764 ; 3.764 ;
; X[3]       ; display3      ; 3.778 ; 3.778 ; 3.778 ; 3.778 ;
; X[3]       ; display4      ; 3.780 ; 3.780 ; 3.780 ; 3.780 ;
; X[3]       ; display5      ; 3.771 ; 3.771 ; 3.771 ; 3.771 ;
; X[3]       ; display6      ; 3.666 ; 3.666 ; 3.666 ; 3.666 ;
; X[3]       ; display7      ; 3.661 ; 3.661 ; 3.661 ; 3.661 ;
; X[3]       ; display11     ; 4.018 ; 4.018 ; 4.018 ; 4.018 ;
; X[3]       ; display12     ; 4.128 ; 4.128 ; 4.128 ; 4.128 ;
; X[3]       ; display13     ; 4.168 ; 4.168 ; 4.168 ; 4.168 ;
; X[3]       ; display14     ; 4.303 ; 4.303 ; 4.303 ; 4.303 ;
; X[3]       ; display15     ; 3.924 ; 3.924 ; 3.924 ; 3.924 ;
; X[3]       ; display16     ; 4.438 ; 4.438 ; 4.438 ; 4.438 ;
; X[3]       ; display17     ; 4.281 ; 4.281 ; 4.281 ; 4.281 ;
; X[3]       ; neg_display7  ; 4.102 ; 4.184 ; 4.184 ; 4.102 ;
; X[3]       ; neg_display37 ; 3.867 ; 3.949 ; 3.949 ; 3.867 ;
; Y[0]       ; Cout          ; 3.981 ; 4.355 ; 4.355 ; 3.981 ;
; Y[0]       ; display1      ; 3.914 ; 3.914 ; 3.914 ; 3.914 ;
; Y[0]       ; display2      ; 3.884 ; 3.884 ; 3.884 ; 3.884 ;
; Y[0]       ; display3      ; 3.879 ; 3.879 ; 3.879 ; 3.879 ;
; Y[0]       ; display4      ; 3.884 ; 3.884 ; 3.884 ; 3.884 ;
; Y[0]       ; display5      ; 3.904 ; 3.904 ; 3.904 ; 3.904 ;
; Y[0]       ; display6      ; 3.772 ; 3.772 ; 3.772 ; 3.772 ;
; Y[0]       ; display7      ; 3.778 ; 3.778 ; 3.778 ; 3.778 ;
; Y[0]       ; display11     ; 4.148 ; 4.148 ; 4.148 ; 4.148 ;
; Y[0]       ; display12     ; 4.226 ; 4.226 ; 4.226 ; 4.226 ;
; Y[0]       ; display13     ; 4.266 ; 4.266 ; 4.266 ; 4.266 ;
; Y[0]       ; display14     ; 4.417 ; 4.417 ; 4.417 ; 4.417 ;
; Y[0]       ; display15     ; 4.056 ; 4.056 ; 4.056 ; 4.056 ;
; Y[0]       ; display16     ; 4.560 ; 4.560 ; 4.560 ; 4.560 ;
; Y[0]       ; display17     ; 4.386 ; 4.386 ; 4.386 ; 4.386 ;
; Y[0]       ; neg_display7  ;       ; 4.044 ; 4.044 ;       ;
; Y[0]       ; neg_display37 ;       ; 3.809 ; 3.809 ;       ;
; Y[1]       ; Cout          ; 3.935 ; 4.390 ; 4.390 ; 3.935 ;
; Y[1]       ; display1      ; 3.790 ; 3.790 ; 3.790 ; 3.790 ;
; Y[1]       ; display2      ; 3.762 ; 3.762 ; 3.762 ; 3.762 ;
; Y[1]       ; display3      ; 3.772 ; 3.772 ; 3.772 ; 3.772 ;
; Y[1]       ; display4      ; 3.778 ; 3.778 ; 3.778 ; 3.778 ;
; Y[1]       ; display5      ; 3.779 ; 3.779 ; 3.779 ; 3.779 ;
; Y[1]       ; display6      ; 3.663 ; 3.663 ; 3.663 ; 3.663 ;
; Y[1]       ; display7      ; 3.657 ; 3.657 ; 3.657 ; 3.657 ;
; Y[1]       ; display11     ; 4.023 ; 4.023 ; 4.023 ; 4.023 ;
; Y[1]       ; display12     ; 4.126 ; 4.126 ; 4.126 ; 4.126 ;
; Y[1]       ; display13     ; 4.166 ; 4.166 ; 4.166 ; 4.166 ;
; Y[1]       ; display14     ; 4.299 ; 4.299 ; 4.299 ; 4.299 ;
; Y[1]       ; display15     ; 3.932 ; 3.932 ; 3.932 ; 3.932 ;
; Y[1]       ; display16     ; 4.435 ; 4.435 ; 4.435 ; 4.435 ;
; Y[1]       ; display17     ; 4.273 ; 4.273 ; 4.273 ; 4.273 ;
; Y[1]       ; neg_display7  ;       ; 4.111 ; 4.111 ;       ;
; Y[1]       ; neg_display37 ;       ; 3.876 ; 3.876 ;       ;
; Y[2]       ; Cout          ; 3.893 ; 4.367 ; 4.367 ; 3.893 ;
; Y[2]       ; display1      ; 3.825 ; 3.825 ; 3.825 ; 3.825 ;
; Y[2]       ; display2      ; 3.799 ; 3.799 ; 3.799 ; 3.799 ;
; Y[2]       ; display3      ; 3.799 ; 3.799 ; 3.799 ; 3.799 ;
; Y[2]       ; display4      ; 3.799 ; 3.799 ; 3.799 ; 3.799 ;
; Y[2]       ; display5      ; 3.814 ; 3.814 ; 3.814 ; 3.814 ;
; Y[2]       ; display6      ; 3.682 ; 3.682 ; 3.682 ; 3.682 ;
; Y[2]       ; display7      ; 3.694 ; 3.694 ; 3.694 ; 3.694 ;
; Y[2]       ; display11     ; 4.058 ; 4.058 ; 4.058 ; 4.058 ;
; Y[2]       ; display12     ; 4.140 ; 4.140 ; 4.140 ; 4.140 ;
; Y[2]       ; display13     ; 4.180 ; 4.180 ; 4.180 ; 4.180 ;
; Y[2]       ; display14     ; 4.324 ; 4.324 ; 4.324 ; 4.324 ;
; Y[2]       ; display15     ; 3.966 ; 3.966 ; 3.966 ; 3.966 ;
; Y[2]       ; display16     ; 4.469 ; 4.469 ; 4.469 ; 4.469 ;
; Y[2]       ; display17     ; 4.301 ; 4.301 ; 4.301 ; 4.301 ;
; Y[2]       ; neg_display7  ; 4.230 ; 4.147 ; 4.147 ; 4.230 ;
; Y[2]       ; neg_display37 ; 3.995 ; 3.912 ; 3.912 ; 3.995 ;
; Y[3]       ; Cout          ; 4.584 ; 5.033 ; 5.033 ; 4.584 ;
; Y[3]       ; display1      ; 4.479 ; 4.479 ; 4.479 ; 4.479 ;
; Y[3]       ; display2      ; 4.456 ; 4.456 ; 4.456 ; 4.456 ;
; Y[3]       ; display3      ; 4.470 ; 4.470 ; 4.470 ; 4.470 ;
; Y[3]       ; display4      ; 4.472 ; 4.472 ; 4.472 ; 4.472 ;
; Y[3]       ; display5      ; 4.463 ; 4.463 ; 4.463 ; 4.463 ;
; Y[3]       ; display6      ; 4.358 ; 4.358 ; 4.358 ; 4.358 ;
; Y[3]       ; display7      ; 4.353 ; 4.353 ; 4.353 ; 4.353 ;
; Y[3]       ; display11     ; 4.710 ; 4.710 ; 4.710 ; 4.710 ;
; Y[3]       ; display12     ; 4.820 ; 4.820 ; 4.820 ; 4.820 ;
; Y[3]       ; display13     ; 4.860 ; 4.860 ; 4.860 ; 4.860 ;
; Y[3]       ; display14     ; 4.995 ; 4.995 ; 4.995 ; 4.995 ;
; Y[3]       ; display15     ; 4.616 ; 4.616 ; 4.616 ; 4.616 ;
; Y[3]       ; display16     ; 5.130 ; 5.130 ; 5.130 ; 5.130 ;
; Y[3]       ; display17     ; 4.973 ; 4.973 ; 4.973 ; 4.973 ;
; Y[3]       ; neg_display7  ; 4.957 ; 4.883 ; 4.883 ; 4.957 ;
; Y[3]       ; neg_display37 ; 4.722 ; 4.648 ; 4.648 ; 4.722 ;
+------------+---------------+-------+-------+-------+-------+


+----------------------------------------------------------------------------+
; Multicorner Timing Analysis Summary                                        ;
+------------------+-------+------+----------+---------+---------------------+
; Clock            ; Setup ; Hold ; Recovery ; Removal ; Minimum Pulse Width ;
+------------------+-------+------+----------+---------+---------------------+
; Worst-case Slack ; N/A   ; N/A  ; N/A      ; N/A     ; N/A                 ;
; Design-wide TNS  ; 0.0   ; 0.0  ; 0.0      ; 0.0     ; 0.0                 ;
+------------------+-------+------+----------+---------+---------------------+


+----------------------------------------------------------------+
; Progagation Delay                                              ;
+------------+---------------+--------+--------+--------+--------+
; Input Port ; Output Port   ; RR     ; RF     ; FR     ; FF     ;
+------------+---------------+--------+--------+--------+--------+
; Cin        ; Cout          ; 14.027 ; 12.193 ; 12.193 ; 14.027 ;
; Cin        ; display1      ; 14.049 ; 14.049 ; 14.049 ; 14.049 ;
; Cin        ; display2      ; 14.025 ; 14.025 ; 14.025 ; 14.025 ;
; Cin        ; display3      ; 13.849 ; 13.992 ; 13.992 ; 13.849 ;
; Cin        ; display4      ; 14.023 ; 14.023 ; 14.023 ; 14.023 ;
; Cin        ; display5      ; 14.036 ; 13.855 ; 13.855 ; 14.036 ;
; Cin        ; display6      ; 13.769 ; 13.609 ; 13.609 ; 13.769 ;
; Cin        ; display7      ; 13.785 ; 13.785 ; 13.785 ; 13.785 ;
; Cin        ; display11     ; 14.620 ; 14.620 ; 14.620 ; 14.620 ;
; Cin        ; display12     ; 14.921 ; 14.382 ; 14.382 ; 14.921 ;
; Cin        ; display13     ; 14.961 ; 14.422 ; 14.422 ; 14.961 ;
; Cin        ; display14     ; 15.297 ; 15.297 ; 15.297 ; 15.297 ;
; Cin        ; display15     ; 14.403 ; 14.403 ; 14.403 ; 14.403 ;
; Cin        ; display16     ; 15.310 ; 15.087 ; 15.087 ; 15.310 ;
; Cin        ; display17     ; 14.845 ; 15.265 ; 15.265 ; 14.845 ;
; Cin        ; neg_display7  ;        ; 13.142 ; 13.142 ;        ;
; Cin        ; neg_display37 ;        ; 12.639 ; 12.639 ;        ;
; X[0]       ; Cout          ; 10.636 ; 10.703 ; 10.703 ; 10.636 ;
; X[0]       ; display1      ; 10.725 ; 10.725 ; 10.725 ; 10.725 ;
; X[0]       ; display2      ; 10.701 ; 10.701 ; 10.701 ; 10.701 ;
; X[0]       ; display3      ; 10.668 ; 10.492 ; 10.492 ; 10.668 ;
; X[0]       ; display4      ; 10.699 ; 10.699 ; 10.699 ; 10.699 ;
; X[0]       ; display5      ; 10.536 ; 10.712 ; 10.712 ; 10.536 ;
; X[0]       ; display6      ; 10.283 ; 10.445 ; 10.445 ; 10.283 ;
; X[0]       ; display7      ; 10.461 ; 10.461 ; 10.461 ; 10.461 ;
; X[0]       ; display11     ; 11.296 ; 11.296 ; 11.296 ; 11.296 ;
; X[0]       ; display12     ; 11.436 ; 11.597 ; 11.597 ; 11.436 ;
; X[0]       ; display13     ; 11.476 ; 11.637 ; 11.637 ; 11.476 ;
; X[0]       ; display14     ; 11.973 ; 11.973 ; 11.973 ; 11.973 ;
; X[0]       ; display15     ; 11.079 ; 11.079 ; 11.079 ; 11.079 ;
; X[0]       ; display16     ; 11.810 ; 11.986 ; 11.986 ; 11.810 ;
; X[0]       ; display17     ; 11.941 ; 11.765 ; 11.765 ; 11.941 ;
; X[0]       ; neg_display7  ; 9.818  ;        ;        ; 9.818  ;
; X[0]       ; neg_display37 ; 9.315  ;        ;        ; 9.315  ;
; X[1]       ; Cout          ; 10.328 ; 10.241 ; 10.241 ; 10.328 ;
; X[1]       ; display1      ; 10.263 ; 10.263 ; 10.263 ; 10.263 ;
; X[1]       ; display2      ; 10.239 ; 10.239 ; 10.239 ; 10.239 ;
; X[1]       ; display3      ; 10.206 ; 10.030 ; 10.030 ; 10.206 ;
; X[1]       ; display4      ; 10.237 ; 10.237 ; 10.237 ; 10.237 ;
; X[1]       ; display5      ; 10.074 ; 10.250 ; 10.250 ; 10.074 ;
; X[1]       ; display6      ; 9.821  ; 9.983  ; 9.983  ; 9.821  ;
; X[1]       ; display7      ; 9.999  ; 9.999  ; 9.999  ; 9.999  ;
; X[1]       ; display11     ; 10.834 ; 10.834 ; 10.834 ; 10.834 ;
; X[1]       ; display12     ; 10.974 ; 11.135 ; 11.135 ; 10.974 ;
; X[1]       ; display13     ; 11.014 ; 11.175 ; 11.175 ; 11.014 ;
; X[1]       ; display14     ; 11.511 ; 11.511 ; 11.511 ; 11.511 ;
; X[1]       ; display15     ; 10.617 ; 10.617 ; 10.617 ; 10.617 ;
; X[1]       ; display16     ; 11.348 ; 11.524 ; 11.524 ; 11.348 ;
; X[1]       ; display17     ; 11.479 ; 11.303 ; 11.303 ; 11.479 ;
; X[1]       ; neg_display7  ; 9.356  ;        ;        ; 9.356  ;
; X[1]       ; neg_display37 ; 8.853  ;        ;        ; 8.853  ;
; X[2]       ; Cout          ; 10.707 ; 10.707 ; 10.707 ; 10.707 ;
; X[2]       ; display1      ; 10.729 ; 10.729 ; 10.729 ; 10.729 ;
; X[2]       ; display2      ; 10.705 ; 10.705 ; 10.705 ; 10.705 ;
; X[2]       ; display3      ; 10.672 ; 10.672 ; 10.672 ; 10.672 ;
; X[2]       ; display4      ; 10.703 ; 10.703 ; 10.703 ; 10.703 ;
; X[2]       ; display5      ; 10.716 ; 10.716 ; 10.716 ; 10.716 ;
; X[2]       ; display6      ; 10.449 ; 10.449 ; 10.449 ; 10.449 ;
; X[2]       ; display7      ; 10.465 ; 10.465 ; 10.465 ; 10.465 ;
; X[2]       ; display11     ; 11.300 ; 11.300 ; 11.300 ; 11.300 ;
; X[2]       ; display12     ; 11.601 ; 11.601 ; 11.601 ; 11.601 ;
; X[2]       ; display13     ; 11.641 ; 11.641 ; 11.641 ; 11.641 ;
; X[2]       ; display14     ; 11.977 ; 11.977 ; 11.977 ; 11.977 ;
; X[2]       ; display15     ; 11.083 ; 11.083 ; 11.083 ; 11.083 ;
; X[2]       ; display16     ; 11.990 ; 11.990 ; 11.990 ; 11.990 ;
; X[2]       ; display17     ; 11.945 ; 11.945 ; 11.945 ; 11.945 ;
; X[2]       ; neg_display7  ; 9.822  ; 9.822  ; 9.822  ; 9.822  ;
; X[2]       ; neg_display37 ; 9.319  ; 9.319  ; 9.319  ; 9.319  ;
; X[3]       ; Cout          ; 9.328  ; 9.328  ; 9.328  ; 9.328  ;
; X[3]       ; display1      ; 9.350  ; 9.350  ; 9.350  ; 9.350  ;
; X[3]       ; display2      ; 9.326  ; 9.326  ; 9.326  ; 9.326  ;
; X[3]       ; display3      ; 9.293  ; 9.293  ; 9.293  ; 9.293  ;
; X[3]       ; display4      ; 9.324  ; 9.324  ; 9.324  ; 9.324  ;
; X[3]       ; display5      ; 9.337  ; 9.337  ; 9.337  ; 9.337  ;
; X[3]       ; display6      ; 9.070  ; 9.070  ; 9.070  ; 9.070  ;
; X[3]       ; display7      ; 9.086  ; 9.086  ; 9.086  ; 9.086  ;
; X[3]       ; display11     ; 9.921  ; 9.921  ; 9.921  ; 9.921  ;
; X[3]       ; display12     ; 10.222 ; 10.222 ; 10.222 ; 10.222 ;
; X[3]       ; display13     ; 10.262 ; 10.262 ; 10.262 ; 10.262 ;
; X[3]       ; display14     ; 10.598 ; 10.598 ; 10.598 ; 10.598 ;
; X[3]       ; display15     ; 9.704  ; 9.704  ; 9.704  ; 9.704  ;
; X[3]       ; display16     ; 10.611 ; 10.611 ; 10.611 ; 10.611 ;
; X[3]       ; display17     ; 10.566 ; 10.566 ; 10.566 ; 10.566 ;
; X[3]       ; neg_display7  ; 8.443  ; 8.443  ; 8.443  ; 8.443  ;
; X[3]       ; neg_display37 ; 7.940  ; 7.940  ; 7.940  ; 7.940  ;
; Y[0]       ; Cout          ; 9.001  ; 9.029  ; 9.029  ; 9.001  ;
; Y[0]       ; display1      ; 9.023  ; 9.023  ; 9.023  ; 9.023  ;
; Y[0]       ; display2      ; 8.999  ; 8.999  ; 8.999  ; 8.999  ;
; Y[0]       ; display3      ; 8.867  ; 8.966  ; 8.966  ; 8.867  ;
; Y[0]       ; display4      ; 8.997  ; 8.997  ; 8.997  ; 8.997  ;
; Y[0]       ; display5      ; 9.010  ; 8.873  ; 8.873  ; 9.010  ;
; Y[0]       ; display6      ; 8.743  ; 8.627  ; 8.627  ; 8.743  ;
; Y[0]       ; display7      ; 8.759  ; 8.759  ; 8.759  ; 8.759  ;
; Y[0]       ; display11     ; 9.594  ; 9.594  ; 9.594  ; 9.594  ;
; Y[0]       ; display12     ; 9.895  ; 9.780  ; 9.780  ; 9.895  ;
; Y[0]       ; display13     ; 9.935  ; 9.820  ; 9.820  ; 9.935  ;
; Y[0]       ; display14     ; 10.271 ; 10.271 ; 10.271 ; 10.271 ;
; Y[0]       ; display15     ; 9.377  ; 9.377  ; 9.377  ; 9.377  ;
; Y[0]       ; display16     ; 10.284 ; 10.108 ; 10.108 ; 10.284 ;
; Y[0]       ; display17     ; 10.068 ; 10.239 ; 10.239 ; 10.068 ;
; Y[0]       ; neg_display7  ;        ; 8.116  ; 8.116  ;        ;
; Y[0]       ; neg_display37 ;        ; 7.613  ; 7.613  ;        ;
; Y[1]       ; Cout          ; 9.163  ; 8.984  ; 8.984  ; 9.163  ;
; Y[1]       ; display1      ; 9.185  ; 9.185  ; 9.185  ; 9.185  ;
; Y[1]       ; display2      ; 9.161  ; 9.161  ; 9.161  ; 9.161  ;
; Y[1]       ; display3      ; 8.952  ; 9.128  ; 9.128  ; 8.952  ;
; Y[1]       ; display4      ; 9.159  ; 9.159  ; 9.159  ; 9.159  ;
; Y[1]       ; display5      ; 9.172  ; 8.996  ; 8.996  ; 9.172  ;
; Y[1]       ; display6      ; 8.905  ; 8.743  ; 8.743  ; 8.905  ;
; Y[1]       ; display7      ; 8.921  ; 8.921  ; 8.921  ; 8.921  ;
; Y[1]       ; display11     ; 9.756  ; 9.756  ; 9.756  ; 9.756  ;
; Y[1]       ; display12     ; 10.057 ; 9.896  ; 9.896  ; 10.057 ;
; Y[1]       ; display13     ; 10.097 ; 9.936  ; 9.936  ; 10.097 ;
; Y[1]       ; display14     ; 10.433 ; 10.433 ; 10.433 ; 10.433 ;
; Y[1]       ; display15     ; 9.539  ; 9.539  ; 9.539  ; 9.539  ;
; Y[1]       ; display16     ; 10.446 ; 10.270 ; 10.270 ; 10.446 ;
; Y[1]       ; display17     ; 10.225 ; 10.401 ; 10.401 ; 10.225 ;
; Y[1]       ; neg_display7  ;        ; 8.278  ; 8.278  ;        ;
; Y[1]       ; neg_display37 ;        ; 7.775  ; 7.775  ;        ;
; Y[2]       ; Cout          ; 9.414  ; 9.414  ; 9.414  ; 9.414  ;
; Y[2]       ; display1      ; 9.436  ; 9.436  ; 9.436  ; 9.436  ;
; Y[2]       ; display2      ; 9.412  ; 9.412  ; 9.412  ; 9.412  ;
; Y[2]       ; display3      ; 9.379  ; 9.379  ; 9.379  ; 9.379  ;
; Y[2]       ; display4      ; 9.410  ; 9.410  ; 9.410  ; 9.410  ;
; Y[2]       ; display5      ; 9.423  ; 9.423  ; 9.423  ; 9.423  ;
; Y[2]       ; display6      ; 9.156  ; 9.156  ; 9.156  ; 9.156  ;
; Y[2]       ; display7      ; 9.172  ; 9.172  ; 9.172  ; 9.172  ;
; Y[2]       ; display11     ; 10.007 ; 10.007 ; 10.007 ; 10.007 ;
; Y[2]       ; display12     ; 10.308 ; 10.308 ; 10.308 ; 10.308 ;
; Y[2]       ; display13     ; 10.348 ; 10.348 ; 10.348 ; 10.348 ;
; Y[2]       ; display14     ; 10.684 ; 10.684 ; 10.684 ; 10.684 ;
; Y[2]       ; display15     ; 9.790  ; 9.790  ; 9.790  ; 9.790  ;
; Y[2]       ; display16     ; 10.697 ; 10.697 ; 10.697 ; 10.697 ;
; Y[2]       ; display17     ; 10.652 ; 10.652 ; 10.652 ; 10.652 ;
; Y[2]       ; neg_display7  ; 8.529  ; 8.529  ; 8.529  ; 8.529  ;
; Y[2]       ; neg_display37 ; 8.026  ; 8.026  ; 8.026  ; 8.026  ;
; Y[3]       ; Cout          ; 10.661 ; 10.661 ; 10.661 ; 10.661 ;
; Y[3]       ; display1      ; 10.683 ; 10.683 ; 10.683 ; 10.683 ;
; Y[3]       ; display2      ; 10.659 ; 10.659 ; 10.659 ; 10.659 ;
; Y[3]       ; display3      ; 10.626 ; 10.626 ; 10.626 ; 10.626 ;
; Y[3]       ; display4      ; 10.657 ; 10.657 ; 10.657 ; 10.657 ;
; Y[3]       ; display5      ; 10.670 ; 10.670 ; 10.670 ; 10.670 ;
; Y[3]       ; display6      ; 10.403 ; 10.403 ; 10.403 ; 10.403 ;
; Y[3]       ; display7      ; 10.419 ; 10.419 ; 10.419 ; 10.419 ;
; Y[3]       ; display11     ; 11.254 ; 11.254 ; 11.254 ; 11.254 ;
; Y[3]       ; display12     ; 11.555 ; 11.555 ; 11.555 ; 11.555 ;
; Y[3]       ; display13     ; 11.595 ; 11.595 ; 11.595 ; 11.595 ;
; Y[3]       ; display14     ; 11.931 ; 11.931 ; 11.931 ; 11.931 ;
; Y[3]       ; display15     ; 11.037 ; 11.037 ; 11.037 ; 11.037 ;
; Y[3]       ; display16     ; 11.944 ; 11.944 ; 11.944 ; 11.944 ;
; Y[3]       ; display17     ; 11.899 ; 11.899 ; 11.899 ; 11.899 ;
; Y[3]       ; neg_display7  ; 9.776  ; 9.776  ; 9.776  ; 9.776  ;
; Y[3]       ; neg_display37 ; 9.273  ; 9.273  ; 9.273  ; 9.273  ;
+------------+---------------+--------+--------+--------+--------+


+------------------------------------------------------------+
; Minimum Progagation Delay                                  ;
+------------+---------------+-------+-------+-------+-------+
; Input Port ; Output Port   ; RR    ; RF    ; FR    ; FF    ;
+------------+---------------+-------+-------+-------+-------+
; Cin        ; Cout          ; 7.211 ; 6.716 ; 6.716 ; 7.211 ;
; Cin        ; display1      ; 6.668 ; 6.668 ; 6.668 ; 6.668 ;
; Cin        ; display2      ; 6.645 ; 6.645 ; 6.645 ; 6.645 ;
; Cin        ; display3      ; 6.659 ; 6.659 ; 6.659 ; 6.659 ;
; Cin        ; display4      ; 6.661 ; 6.661 ; 6.661 ; 6.661 ;
; Cin        ; display5      ; 6.652 ; 6.733 ; 6.733 ; 6.652 ;
; Cin        ; display6      ; 6.547 ; 6.547 ; 6.547 ; 6.547 ;
; Cin        ; display7      ; 6.542 ; 6.542 ; 6.542 ; 6.542 ;
; Cin        ; display11     ; 6.899 ; 6.899 ; 6.899 ; 6.899 ;
; Cin        ; display12     ; 7.449 ; 7.009 ; 7.009 ; 7.449 ;
; Cin        ; display13     ; 7.489 ; 7.049 ; 7.049 ; 7.489 ;
; Cin        ; display14     ; 7.184 ; 7.184 ; 7.184 ; 7.184 ;
; Cin        ; display15     ; 6.805 ; 6.957 ; 6.957 ; 6.805 ;
; Cin        ; display16     ; 7.319 ; 7.461 ; 7.461 ; 7.319 ;
; Cin        ; display17     ; 7.162 ; 7.162 ; 7.162 ; 7.162 ;
; Cin        ; neg_display7  ;       ; 7.112 ; 7.112 ;       ;
; Cin        ; neg_display37 ;       ; 6.877 ; 6.877 ;       ;
; X[0]       ; Cout          ; 4.817 ; 5.148 ; 5.148 ; 4.817 ;
; X[0]       ; display1      ; 4.748 ; 4.748 ; 4.748 ; 4.748 ;
; X[0]       ; display2      ; 4.718 ; 4.718 ; 4.718 ; 4.718 ;
; X[0]       ; display3      ; 4.713 ; 4.713 ; 4.713 ; 4.713 ;
; X[0]       ; display4      ; 4.718 ; 4.718 ; 4.718 ; 4.718 ;
; X[0]       ; display5      ; 4.738 ; 4.738 ; 4.738 ; 4.738 ;
; X[0]       ; display6      ; 4.606 ; 4.606 ; 4.606 ; 4.606 ;
; X[0]       ; display7      ; 4.612 ; 4.612 ; 4.612 ; 4.612 ;
; X[0]       ; display11     ; 4.982 ; 4.982 ; 4.982 ; 4.982 ;
; X[0]       ; display12     ; 5.060 ; 5.060 ; 5.060 ; 5.060 ;
; X[0]       ; display13     ; 5.100 ; 5.100 ; 5.100 ; 5.100 ;
; X[0]       ; display14     ; 5.251 ; 5.251 ; 5.251 ; 5.251 ;
; X[0]       ; display15     ; 4.890 ; 4.890 ; 4.890 ; 4.890 ;
; X[0]       ; display16     ; 5.394 ; 5.394 ; 5.394 ; 5.394 ;
; X[0]       ; display17     ; 5.220 ; 5.220 ; 5.220 ; 5.220 ;
; X[0]       ; neg_display7  ; 4.930 ;       ;       ; 4.930 ;
; X[0]       ; neg_display37 ; 4.695 ;       ;       ; 4.695 ;
; X[1]       ; Cout          ; 4.679 ; 5.005 ; 5.005 ; 4.679 ;
; X[1]       ; display1      ; 4.536 ; 4.536 ; 4.536 ; 4.536 ;
; X[1]       ; display2      ; 4.508 ; 4.508 ; 4.508 ; 4.508 ;
; X[1]       ; display3      ; 4.518 ; 4.518 ; 4.518 ; 4.518 ;
; X[1]       ; display4      ; 4.524 ; 4.524 ; 4.524 ; 4.524 ;
; X[1]       ; display5      ; 4.525 ; 4.525 ; 4.525 ; 4.525 ;
; X[1]       ; display6      ; 4.409 ; 4.409 ; 4.409 ; 4.409 ;
; X[1]       ; display7      ; 4.403 ; 4.403 ; 4.403 ; 4.403 ;
; X[1]       ; display11     ; 4.769 ; 4.769 ; 4.769 ; 4.769 ;
; X[1]       ; display12     ; 4.872 ; 4.872 ; 4.872 ; 4.872 ;
; X[1]       ; display13     ; 4.912 ; 4.912 ; 4.912 ; 4.912 ;
; X[1]       ; display14     ; 5.045 ; 5.045 ; 5.045 ; 5.045 ;
; X[1]       ; display15     ; 4.678 ; 4.678 ; 4.678 ; 4.678 ;
; X[1]       ; display16     ; 5.181 ; 5.181 ; 5.181 ; 5.181 ;
; X[1]       ; display17     ; 5.019 ; 5.019 ; 5.019 ; 5.019 ;
; X[1]       ; neg_display7  ; 4.725 ;       ;       ; 4.725 ;
; X[1]       ; neg_display37 ; 4.490 ;       ;       ; 4.490 ;
; X[2]       ; Cout          ; 4.703 ; 5.026 ; 5.026 ; 4.703 ;
; X[2]       ; display1      ; 4.633 ; 4.633 ; 4.633 ; 4.633 ;
; X[2]       ; display2      ; 4.607 ; 4.607 ; 4.607 ; 4.607 ;
; X[2]       ; display3      ; 4.607 ; 4.607 ; 4.607 ; 4.607 ;
; X[2]       ; display4      ; 4.607 ; 4.607 ; 4.607 ; 4.607 ;
; X[2]       ; display5      ; 4.622 ; 4.622 ; 4.622 ; 4.622 ;
; X[2]       ; display6      ; 4.490 ; 4.490 ; 4.490 ; 4.490 ;
; X[2]       ; display7      ; 4.502 ; 4.502 ; 4.502 ; 4.502 ;
; X[2]       ; display11     ; 4.866 ; 4.866 ; 4.866 ; 4.866 ;
; X[2]       ; display12     ; 4.948 ; 4.948 ; 4.948 ; 4.948 ;
; X[2]       ; display13     ; 4.988 ; 4.988 ; 4.988 ; 4.988 ;
; X[2]       ; display14     ; 5.132 ; 5.132 ; 5.132 ; 5.132 ;
; X[2]       ; display15     ; 4.774 ; 4.774 ; 4.774 ; 4.774 ;
; X[2]       ; display16     ; 5.277 ; 5.277 ; 5.277 ; 5.277 ;
; X[2]       ; display17     ; 5.109 ; 5.109 ; 5.109 ; 5.109 ;
; X[2]       ; neg_display7  ; 4.827 ; 4.908 ; 4.908 ; 4.827 ;
; X[2]       ; neg_display37 ; 4.592 ; 4.673 ; 4.673 ; 4.592 ;
; X[3]       ; Cout          ; 3.894 ; 4.230 ; 4.230 ; 3.894 ;
; X[3]       ; display1      ; 3.787 ; 3.787 ; 3.787 ; 3.787 ;
; X[3]       ; display2      ; 3.764 ; 3.764 ; 3.764 ; 3.764 ;
; X[3]       ; display3      ; 3.778 ; 3.778 ; 3.778 ; 3.778 ;
; X[3]       ; display4      ; 3.780 ; 3.780 ; 3.780 ; 3.780 ;
; X[3]       ; display5      ; 3.771 ; 3.771 ; 3.771 ; 3.771 ;
; X[3]       ; display6      ; 3.666 ; 3.666 ; 3.666 ; 3.666 ;
; X[3]       ; display7      ; 3.661 ; 3.661 ; 3.661 ; 3.661 ;
; X[3]       ; display11     ; 4.018 ; 4.018 ; 4.018 ; 4.018 ;
; X[3]       ; display12     ; 4.128 ; 4.128 ; 4.128 ; 4.128 ;
; X[3]       ; display13     ; 4.168 ; 4.168 ; 4.168 ; 4.168 ;
; X[3]       ; display14     ; 4.303 ; 4.303 ; 4.303 ; 4.303 ;
; X[3]       ; display15     ; 3.924 ; 3.924 ; 3.924 ; 3.924 ;
; X[3]       ; display16     ; 4.438 ; 4.438 ; 4.438 ; 4.438 ;
; X[3]       ; display17     ; 4.281 ; 4.281 ; 4.281 ; 4.281 ;
; X[3]       ; neg_display7  ; 4.102 ; 4.184 ; 4.184 ; 4.102 ;
; X[3]       ; neg_display37 ; 3.867 ; 3.949 ; 3.949 ; 3.867 ;
; Y[0]       ; Cout          ; 3.981 ; 4.355 ; 4.355 ; 3.981 ;
; Y[0]       ; display1      ; 3.914 ; 3.914 ; 3.914 ; 3.914 ;
; Y[0]       ; display2      ; 3.884 ; 3.884 ; 3.884 ; 3.884 ;
; Y[0]       ; display3      ; 3.879 ; 3.879 ; 3.879 ; 3.879 ;
; Y[0]       ; display4      ; 3.884 ; 3.884 ; 3.884 ; 3.884 ;
; Y[0]       ; display5      ; 3.904 ; 3.904 ; 3.904 ; 3.904 ;
; Y[0]       ; display6      ; 3.772 ; 3.772 ; 3.772 ; 3.772 ;
; Y[0]       ; display7      ; 3.778 ; 3.778 ; 3.778 ; 3.778 ;
; Y[0]       ; display11     ; 4.148 ; 4.148 ; 4.148 ; 4.148 ;
; Y[0]       ; display12     ; 4.226 ; 4.226 ; 4.226 ; 4.226 ;
; Y[0]       ; display13     ; 4.266 ; 4.266 ; 4.266 ; 4.266 ;
; Y[0]       ; display14     ; 4.417 ; 4.417 ; 4.417 ; 4.417 ;
; Y[0]       ; display15     ; 4.056 ; 4.056 ; 4.056 ; 4.056 ;
; Y[0]       ; display16     ; 4.560 ; 4.560 ; 4.560 ; 4.560 ;
; Y[0]       ; display17     ; 4.386 ; 4.386 ; 4.386 ; 4.386 ;
; Y[0]       ; neg_display7  ;       ; 4.044 ; 4.044 ;       ;
; Y[0]       ; neg_display37 ;       ; 3.809 ; 3.809 ;       ;
; Y[1]       ; Cout          ; 3.935 ; 4.390 ; 4.390 ; 3.935 ;
; Y[1]       ; display1      ; 3.790 ; 3.790 ; 3.790 ; 3.790 ;
; Y[1]       ; display2      ; 3.762 ; 3.762 ; 3.762 ; 3.762 ;
; Y[1]       ; display3      ; 3.772 ; 3.772 ; 3.772 ; 3.772 ;
; Y[1]       ; display4      ; 3.778 ; 3.778 ; 3.778 ; 3.778 ;
; Y[1]       ; display5      ; 3.779 ; 3.779 ; 3.779 ; 3.779 ;
; Y[1]       ; display6      ; 3.663 ; 3.663 ; 3.663 ; 3.663 ;
; Y[1]       ; display7      ; 3.657 ; 3.657 ; 3.657 ; 3.657 ;
; Y[1]       ; display11     ; 4.023 ; 4.023 ; 4.023 ; 4.023 ;
; Y[1]       ; display12     ; 4.126 ; 4.126 ; 4.126 ; 4.126 ;
; Y[1]       ; display13     ; 4.166 ; 4.166 ; 4.166 ; 4.166 ;
; Y[1]       ; display14     ; 4.299 ; 4.299 ; 4.299 ; 4.299 ;
; Y[1]       ; display15     ; 3.932 ; 3.932 ; 3.932 ; 3.932 ;
; Y[1]       ; display16     ; 4.435 ; 4.435 ; 4.435 ; 4.435 ;
; Y[1]       ; display17     ; 4.273 ; 4.273 ; 4.273 ; 4.273 ;
; Y[1]       ; neg_display7  ;       ; 4.111 ; 4.111 ;       ;
; Y[1]       ; neg_display37 ;       ; 3.876 ; 3.876 ;       ;
; Y[2]       ; Cout          ; 3.893 ; 4.367 ; 4.367 ; 3.893 ;
; Y[2]       ; display1      ; 3.825 ; 3.825 ; 3.825 ; 3.825 ;
; Y[2]       ; display2      ; 3.799 ; 3.799 ; 3.799 ; 3.799 ;
; Y[2]       ; display3      ; 3.799 ; 3.799 ; 3.799 ; 3.799 ;
; Y[2]       ; display4      ; 3.799 ; 3.799 ; 3.799 ; 3.799 ;
; Y[2]       ; display5      ; 3.814 ; 3.814 ; 3.814 ; 3.814 ;
; Y[2]       ; display6      ; 3.682 ; 3.682 ; 3.682 ; 3.682 ;
; Y[2]       ; display7      ; 3.694 ; 3.694 ; 3.694 ; 3.694 ;
; Y[2]       ; display11     ; 4.058 ; 4.058 ; 4.058 ; 4.058 ;
; Y[2]       ; display12     ; 4.140 ; 4.140 ; 4.140 ; 4.140 ;
; Y[2]       ; display13     ; 4.180 ; 4.180 ; 4.180 ; 4.180 ;
; Y[2]       ; display14     ; 4.324 ; 4.324 ; 4.324 ; 4.324 ;
; Y[2]       ; display15     ; 3.966 ; 3.966 ; 3.966 ; 3.966 ;
; Y[2]       ; display16     ; 4.469 ; 4.469 ; 4.469 ; 4.469 ;
; Y[2]       ; display17     ; 4.301 ; 4.301 ; 4.301 ; 4.301 ;
; Y[2]       ; neg_display7  ; 4.230 ; 4.147 ; 4.147 ; 4.230 ;
; Y[2]       ; neg_display37 ; 3.995 ; 3.912 ; 3.912 ; 3.995 ;
; Y[3]       ; Cout          ; 4.584 ; 5.033 ; 5.033 ; 4.584 ;
; Y[3]       ; display1      ; 4.479 ; 4.479 ; 4.479 ; 4.479 ;
; Y[3]       ; display2      ; 4.456 ; 4.456 ; 4.456 ; 4.456 ;
; Y[3]       ; display3      ; 4.470 ; 4.470 ; 4.470 ; 4.470 ;
; Y[3]       ; display4      ; 4.472 ; 4.472 ; 4.472 ; 4.472 ;
; Y[3]       ; display5      ; 4.463 ; 4.463 ; 4.463 ; 4.463 ;
; Y[3]       ; display6      ; 4.358 ; 4.358 ; 4.358 ; 4.358 ;
; Y[3]       ; display7      ; 4.353 ; 4.353 ; 4.353 ; 4.353 ;
; Y[3]       ; display11     ; 4.710 ; 4.710 ; 4.710 ; 4.710 ;
; Y[3]       ; display12     ; 4.820 ; 4.820 ; 4.820 ; 4.820 ;
; Y[3]       ; display13     ; 4.860 ; 4.860 ; 4.860 ; 4.860 ;
; Y[3]       ; display14     ; 4.995 ; 4.995 ; 4.995 ; 4.995 ;
; Y[3]       ; display15     ; 4.616 ; 4.616 ; 4.616 ; 4.616 ;
; Y[3]       ; display16     ; 5.130 ; 5.130 ; 5.130 ; 5.130 ;
; Y[3]       ; display17     ; 4.973 ; 4.973 ; 4.973 ; 4.973 ;
; Y[3]       ; neg_display7  ; 4.957 ; 4.883 ; 4.883 ; 4.957 ;
; Y[3]       ; neg_display37 ; 4.722 ; 4.648 ; 4.648 ; 4.722 ;
+------------+---------------+-------+-------+-------+-------+


-------------------
; Clock Transfers ;
-------------------
Nothing to report.


---------------
; Report TCCS ;
---------------
No dedicated SERDES Transmitter circuitry present in device or used in design


---------------
; Report RSKM ;
---------------
No dedicated SERDES Receiver circuitry present in device or used in design


+------------------------------------------------+
; Unconstrained Paths                            ;
+---------------------------------+-------+------+
; Property                        ; Setup ; Hold ;
+---------------------------------+-------+------+
; Illegal Clocks                  ; 0     ; 0    ;
; Unconstrained Clocks            ; 0     ; 0    ;
; Unconstrained Input Ports       ; 9     ; 9    ;
; Unconstrained Input Port Paths  ; 153   ; 153  ;
; Unconstrained Output Ports      ; 17    ; 17   ;
; Unconstrained Output Port Paths ; 153   ; 153  ;
+---------------------------------+-------+------+


+------------------------------------+
; TimeQuest Timing Analyzer Messages ;
+------------------------------------+
Info: *******************************************************************
Info: Running Quartus II 64-Bit TimeQuest Timing Analyzer
    Info: Version 13.0.0 Build 156 04/24/2013 SJ Full Version
    Info: Processing started: Wed Oct 10 16:44:32 2018
Info: Command: quartus_sta lab3 -c lab3
Info: qsta_default_script.tcl version: #1
Info (11104): Parallel Compilation has detected 8 hyper-threaded processors. However, the extra hyper-threaded processors will not be used by default. Parallel Compilation will use 4 of the 4 physical processors detected instead.
Info (21077): Low junction temperature is 0 degrees C
Info (21077): High junction temperature is 85 degrees C
Critical Warning (332012): Synopsys Design Constraints File file not found: 'lab3.sdc'. A Synopsys Design Constraints File is required by the TimeQuest Timing Analyzer to get proper timing constraints. Without it, the Compiler will not properly optimize the design.
Info (332142): No user constrained base clocks found in the design. Calling "derive_clocks -period 1.0"
Info (332096): The command derive_clocks did not find any clocks to derive.  No clocks were created or changed.
Warning (332068): No clocks defined in design.
Info: Found TIMEQUEST_REPORT_SCRIPT_INCLUDE_DEFAULT_ANALYSIS = ON
Info (332159): No clocks to report
Info: Analyzing Slow Model
Info (332140): No fmax paths to report
Info (332140): No Setup paths to report
Info (332140): No Hold paths to report
Info (332140): No Recovery paths to report
Info (332140): No Removal paths to report
Info (332140): No Minimum Pulse Width paths to report
Info (332001): The selected device family is not supported by the report_metastability command.
Info: Analyzing Fast Model
Info (332142): No user constrained base clocks found in the design. Calling "derive_clocks -period 1.0"
Info (332096): The command derive_clocks did not find any clocks to derive.  No clocks were created or changed.
Warning (332068): No clocks defined in design.
Info (332140): No Setup paths to report
Info (332140): No Hold paths to report
Info (332140): No Recovery paths to report
Info (332140): No Removal paths to report
Info (332140): No Minimum Pulse Width paths to report
Info (332001): The selected device family is not supported by the report_metastability command.
Info (332102): Design is not fully constrained for setup requirements
Info (332102): Design is not fully constrained for hold requirements
Info: Quartus II 64-Bit TimeQuest Timing Analyzer was successful. 0 errors, 3 warnings
    Info: Peak virtual memory: 4579 megabytes
    Info: Processing ended: Wed Oct 10 16:44:33 2018
    Info: Elapsed time: 00:00:01
    Info: Total CPU time (on all processors): 00:00:01


